Added Component: Designator=C4(C0805)
Add component. Clean all parameters for all variants
Add component (AddParameter): Name = "Value"; Value = "100nF"; VariantName = "[No Variations]"
Added Component: Designator=C5(C0805)
Add component. Clean all parameters for all variants
Add component (AddParameter): Name = "Value"; Value = "100nF"; VariantName = "[No Variations]"
Added Component: Designator=C6(C0805)
Add component. Clean all parameters for all variants
Add component (AddParameter): Name = "Value"; Value = "100nF"; VariantName = "[No Variations]"
Added Component: Designator=C7(C0805)
Add component. Clean all parameters for all variants
Add component (AddParameter): Name = "Value"; Value = "100nF"; VariantName = "[No Variations]"
Added Component: Designator=C8(C0805)
Add component. Clean all parameters for all variants
Add component (AddParameter): Name = "Value"; Value = "100nF"; VariantName = "[No Variations]"
Added Component: Designator=C9(C0805)
Add component. Clean all parameters for all variants
Add component (AddParameter): Name = "Value"; Value = "100nF"; VariantName = "[No Variations]"
Added Component: Designator=C10(C0805)
Add component. Clean all parameters for all variants
Add component (AddParameter): Name = "Value"; Value = "100nF"; VariantName = "[No Variations]"
Added Component: Designator=C11(C0805)
Add component. Clean all parameters for all variants
Add component (AddParameter): Name = "Value"; Value = "100nF"; VariantName = "[No Variations]"
Added Component: Designator=C12(C0805)
Add component. Clean all parameters for all variants
Add component (AddParameter): Name = "Value"; Value = "100nF"; VariantName = "[No Variations]"
Added Component: Designator=J2(3X1F)
Add component. Clean all parameters for all variants
Added Component: Designator=JOY1(JOY3X2)
Add component. Clean all parameters for all variants
Add component (AddParameter): Name = "Name"; Value = "Troyka 3D"; VariantName = "[No Variations]"
Added Component: Designator=JOY2(JOY3X2)
Add component. Clean all parameters for all variants
Add component (AddParameter): Name = "Name"; Value = "Troyka 3D"; VariantName = "[No Variations]"
Added Component: Designator=LEDM1(MATRIX8X8)
Add component. Clean all parameters for all variants
Add component (AddParameter): Name = "Name"; Value = "RED"; VariantName = "[No Variations]"
Added Component: Designator=LEDM2(MATRIX8X8)
Add component. Clean all parameters for all variants
Add component (AddParameter): Name = "Name"; Value = "RED"; VariantName = "[No Variations]"
Added Component: Designator=LEDM3(MATRIX8X8)
Add component. Clean all parameters for all variants
Add component (AddParameter): Name = "Name"; Value = "RED"; VariantName = "[No Variations]"
Added Component: Designator=LEDM4(MATRIX8X8)
Add component. Clean all parameters for all variants
Add component (AddParameter): Name = "Name"; Value = "RED"; VariantName = "[No Variations]"
Added Component: Designator=LEDM5(MATRIX8X8)
Add component. Clean all parameters for all variants
Add component (AddParameter): Name = "Name"; Value = "RED"; VariantName = "[No Variations]"
Added Component: Designator=LEDM6(MATRIX8X8)
Add component. Clean all parameters for all variants
Add component (AddParameter): Name = "Name"; Value = "RED"; VariantName = "[No Variations]"
Added Component: Designator=P1(H2-5.08)
Add component. Clean all parameters for all variants
Add component (AddParameter): Name = "Name"; Value = "31-011-02"; VariantName = "[No Variations]"
Added Component: Designator=R1(R0805)
Add component. Clean all parameters for all variants
Add component (AddParameter): Name = "Value"; Value = "10K"; VariantName = "[No Variations]"
Added Component: Designator=R2(R0805)
Add component. Clean all parameters for all variants
Add component (AddParameter): Name = "Value"; Value = "10K"; VariantName = "[No Variations]"
Added Component: Designator=R3(R0805)
Add component. Clean all parameters for all variants
Add component (AddParameter): Name = "Value"; Value = "10K"; VariantName = "[No Variations]"
Added Component: Designator=R4(R0805)
Add component. Clean all parameters for all variants
Add component (AddParameter): Name = "Value"; Value = "100K"; VariantName = "[No Variations]"
Added Component: Designator=R5(R0805)
Add component. Clean all parameters for all variants
Add component (AddParameter): Name = "Value"; Value = "100K"; VariantName = "[No Variations]"
Added Component: Designator=R6(R0805)
Add component. Clean all parameters for all variants
Add component (AddParameter): Name = "Value"; Value = "100K"; VariantName = "[No Variations]"
Added Component: Designator=R7(R0805)
Add component. Clean all parameters for all variants
Add component (AddParameter): Name = "Value"; Value = "100K"; VariantName = "[No Variations]"
Added Component: Designator=R8(R0805)
Add component. Clean all parameters for all variants
Add component (AddParameter): Name = "Value"; Value = "100K"; VariantName = "[No Variations]"
Added Component: Designator=R9(R0805)
Add component. Clean all parameters for all variants
Add component (AddParameter): Name = "Value"; Value = "100K"; VariantName = "[No Variations]"
Added Component: Designator=R10(R0805)
Add component. Clean all parameters for all variants
Add component (AddParameter): Name = "Value"; Value = "100K"; VariantName = "[No Variations]"
Added Component: Designator=R11(R0805)
Add component. Clean all parameters for all variants
Add component (AddParameter): Name = "Value"; Value = "100K"; VariantName = "[No Variations]"
Added Component: Designator=R12(R0805)
Add component. Clean all parameters for all variants
Add component (AddParameter): Name = "Value"; Value = "100K"; VariantName = "[No Variations]"
Added Component: Designator=R13(R0805)
Add component. Clean all parameters for all variants
Add component (AddParameter): Name = "Value"; Value = "100K"; VariantName = "[No Variations]"
Added Component: Designator=R14(R0805)
Add component. Clean all parameters for all variants
Add component (AddParameter): Name = "Value"; Value = "100K"; VariantName = "[No Variations]"
Added Component: Designator=R15(R0805)
Add component. Clean all parameters for all variants
Add component (AddParameter): Name = "Value"; Value = "100K"; VariantName = "[No Variations]"
Added Component: Designator=R16(R0805)
Add component. Clean all parameters for all variants
Add component (AddParameter): Name = "Value"; Value = "100K"; VariantName = "[No Variations]"
Added Component: Designator=R17(R0805)
Add component. Clean all parameters for all variants
Add component (AddParameter): Name = "Value"; Value = "100K"; VariantName = "[No Variations]"
Added Component: Designator=R18(R0805)
Add component. Clean all parameters for all variants
Add component (AddParameter): Name = "Value"; Value = "100K"; VariantName = "[No Variations]"
Added Component: Designator=R19(R0805)
Add component. Clean all parameters for all variants
Add component (AddParameter): Name = "Value"; Value = "100K"; VariantName = "[No Variations]"
Added Component: Designator=R20(R0805)
Add component. Clean all parameters for all variants
Add component (AddParameter): Name = "Value"; Value = "56"; VariantName = "[No Variations]"
Added Component: Designator=R21(R0805)
Add component. Clean all parameters for all variants
Add component (AddParameter): Name = "Value"; Value = "56"; VariantName = "[No Variations]"
Added Component: Designator=R22(R0805)
Add component. Clean all parameters for all variants
Add component (AddParameter): Name = "Value"; Value = "56"; VariantName = "[No Variations]"
Added Component: Designator=R23(R0805)
Add component. Clean all parameters for all variants
Add component (AddParameter): Name = "Value"; Value = "56"; VariantName = "[No Variations]"
Added Component: Designator=R24(R0805)
Add component. Clean all parameters for all variants
Add component (AddParameter): Name = "Value"; Value = "56"; VariantName = "[No Variations]"
Added Component: Designator=R25(R0805)
Add component. Clean all parameters for all variants
Add component (AddParameter): Name = "Value"; Value = "56"; VariantName = "[No Variations]"
Added Component: Designator=R26(R0805)
Add component. Clean all parameters for all variants
Add component (AddParameter): Name = "Value"; Value = "56"; VariantName = "[No Variations]"
Added Component: Designator=R27(R0805)
Add component. Clean all parameters for all variants
Add component (AddParameter): Name = "Value"; Value = "56"; VariantName = "[No Variations]"
Added Component: Designator=R28(R0805)
Add component. Clean all parameters for all variants
Add component (AddParameter): Name = "Value"; Value = "56"; VariantName = "[No Variations]"
Added Component: Designator=R29(R0805)
Add component. Clean all parameters for all variants
Add component (AddParameter): Name = "Value"; Value = "56"; VariantName = "[No Variations]"
Added Component: Designator=R30(R0805)
Add component. Clean all parameters for all variants
Add component (AddParameter): Name = "Value"; Value = "56"; VariantName = "[No Variations]"
Added Component: Designator=R31(R0805)
Add component. Clean all parameters for all variants
Add component (AddParameter): Name = "Value"; Value = "56"; VariantName = "[No Variations]"
Added Component: Designator=R32(R0805)
Add component. Clean all parameters for all variants
Add component (AddParameter): Name = "Value"; Value = "56"; VariantName = "[No Variations]"
Added Component: Designator=R33(R0805)
Add component. Clean all parameters for all variants
Add component (AddParameter): Name = "Value"; Value = "56"; VariantName = "[No Variations]"
Added Component: Designator=R34(R0805)
Add component. Clean all parameters for all variants
Add component (AddParameter): Name = "Value"; Value = "56"; VariantName = "[No Variations]"
Added Component: Designator=R35(R0805)
Add component. Clean all parameters for all variants
Add component (AddParameter): Name = "Value"; Value = "56"; VariantName = "[No Variations]"
Added Component: Designator=R36(R0805)
Add component. Clean all parameters for all variants
Add component (AddParameter): Name = "Value"; Value = "56"; VariantName = "[No Variations]"
Added Component: Designator=R37(R0805)
Add component. Clean all parameters for all variants
Add component (AddParameter): Name = "Value"; Value = "56"; VariantName = "[No Variations]"
Added Component: Designator=R38(R0805)
Add component. Clean all parameters for all variants
Add component (AddParameter): Name = "Value"; Value = "56"; VariantName = "[No Variations]"
Added Component: Designator=R39(R0805)
Add component. Clean all parameters for all variants
Add component (AddParameter): Name = "Value"; Value = "56"; VariantName = "[No Variations]"
Added Component: Designator=R40(R0805)
Add component. Clean all parameters for all variants
Add component (AddParameter): Name = "Value"; Value = "56"; VariantName = "[No Variations]"
Added Component: Designator=R41(R0805)
Add component. Clean all parameters for all variants
Add component (AddParameter): Name = "Value"; Value = "56"; VariantName = "[No Variations]"
Added Component: Designator=R42(R0805)
Add component. Clean all parameters for all variants
Add component (AddParameter): Name = "Value"; Value = "56"; VariantName = "[No Variations]"
Added Component: Designator=R43(R0805)
Add component. Clean all parameters for all variants
Add component (AddParameter): Name = "Value"; Value = "56"; VariantName = "[No Variations]"
Added Component: Designator=R44(R0805)
Add component. Clean all parameters for all variants
Add component (AddParameter): Name = "Value"; Value = "10K"; VariantName = "[No Variations]"
Added Component: Designator=R45(R0805)
Add component. Clean all parameters for all variants
Add component (AddParameter): Name = "Value"; Value = "10K"; VariantName = "[No Variations]"
Added Component: Designator=SW1(BUT6.5x4.5)
Add component. Clean all parameters for all variants
Add component (AddParameter): Name = "Name"; Value = "KLS7-TS6601"; VariantName = "[No Variations]"
Added Component: Designator=SW2(BUT6.5x4.5)
Add component. Clean all parameters for all variants
Add component (AddParameter): Name = "Name"; Value = "KLS7-TS6601"; VariantName = "[No Variations]"
Added Component: Designator=SW3(BUT6.5x4.5)
Add component. Clean all parameters for all variants
Add component (AddParameter): Name = "Name"; Value = "KLS7-TS6601"; VariantName = "[No Variations]"
Added Component: Designator=SW4(BUT6.5x4.5)
Add component. Clean all parameters for all variants
Add component (AddParameter): Name = "Name"; Value = "KLS7-TS6601"; VariantName = "[No Variations]"
Added Component: Designator=SW5(BUT6.5x4.5)
Add component. Clean all parameters for all variants
Add component (AddParameter): Name = "Name"; Value = "KLS7-TS6601"; VariantName = "[No Variations]"
Added Component: Designator=SW6(BUT6.5x4.5)
Add component. Clean all parameters for all variants
Add component (AddParameter): Name = "Name"; Value = "KLS7-TS6601"; VariantName = "[No Variations]"
Added Component: Designator=U2(DIP14)
Add component. Clean all parameters for all variants
Add component (AddParameter): Name = "Name"; Value = "74HC393"; VariantName = "[No Variations]"
Added Component: Designator=U5(SOIC14)
Add component. Clean all parameters for all variants
Add component (AddParameter): Name = "Name"; Value = "74HC00"; VariantName = "[No Variations]"
Added Component: Designator=U7(SOIC16)
Add component. Clean all parameters for all variants
Add component (AddParameter): Name = "Name"; Value = "74HC595"; VariantName = "[No Variations]"
Added Component: Designator=U8(SOIC16)
Add component. Clean all parameters for all variants
Add component (AddParameter): Name = "Name"; Value = "74HC595"; VariantName = "[No Variations]"
Added Component: Designator=U9(SOIC16)
Add component. Clean all parameters for all variants
Add component (AddParameter): Name = "Name"; Value = "74HC595"; VariantName = "[No Variations]"
Added Component: Designator=VD1(AXIAL10D-BL)
Add component. Clean all parameters for all variants
Add component (AddParameter): Name = "Name"; Value = "1N4007"; VariantName = "[No Variations]"
Added Component: Designator=VD2(AXIAL10D-BL)
Add component. Clean all parameters for all variants
Add component (AddParameter): Name = "Name"; Value = "1N4007"; VariantName = "[No Variations]"
Added Component: Designator=VD3(AXIAL10D-BL)
Add component. Clean all parameters for all variants
Add component (AddParameter): Name = "Name"; Value = "1N4148"; VariantName = "[No Variations]"
Added Component: Designator=VD4(AXIAL10D-BL)
Add component. Clean all parameters for all variants
Add component (AddParameter): Name = "Name"; Value = "1N4148"; VariantName = "[No Variations]"
Added Component: Designator=VD5(AXIAL10D-BL)
Add component. Clean all parameters for all variants
Add component (AddParameter): Name = "Name"; Value = "1N4148"; VariantName = "[No Variations]"
Added Component: Designator=VD6(AXIAL10D-BL)
Add component. Clean all parameters for all variants
Add component (AddParameter): Name = "Name"; Value = "1N4148"; VariantName = "[No Variations]"
Added Component: Designator=VD7(AXIAL10D-BL)
Add component. Clean all parameters for all variants
Add component (AddParameter): Name = "Name"; Value = "1N4148"; VariantName = "[No Variations]"
Added Component: Designator=VD8(AXIAL10D-BL)
Add component. Clean all parameters for all variants
Add component (AddParameter): Name = "Name"; Value = "1N4148"; VariantName = "[No Variations]"
Added Component: Designator=VT1(TO-92L)
Add component. Clean all parameters for all variants
Add component (AddParameter): Name = "Name"; Value = "2N3904"; VariantName = "[No Variations]"
Added Component: Designator=VT2(TO-92L)
Add component. Clean all parameters for all variants
Add component (AddParameter): Name = "Name"; Value = "2N3904"; VariantName = "[No Variations]"
Added Component: Designator=VT3(TO-92L)
Add component. Clean all parameters for all variants
Add component (AddParameter): Name = "Name"; Value = "2N3904"; VariantName = "[No Variations]"
Added Component: Designator=VT4(TO-92L)
Add component. Clean all parameters for all variants
Add component (AddParameter): Name = "Name"; Value = "2N3904"; VariantName = "[No Variations]"
Added Component: Designator=VT5(TO-92L)
Add component. Clean all parameters for all variants
Add component (AddParameter): Name = "Name"; Value = "2N3904"; VariantName = "[No Variations]"
Added Component: Designator=VT6(TO-92L)
Add component. Clean all parameters for all variants
Add component (AddParameter): Name = "Name"; Value = "2N3904"; VariantName = "[No Variations]"
Added Component: Designator=VT7(TO-92L)
Add component. Clean all parameters for all variants
Add component (AddParameter): Name = "Name"; Value = "2N3904"; VariantName = "[No Variations]"
Added Component: Designator=VT8(TO-92L)
Add component. Clean all parameters for all variants
Add component (AddParameter): Name = "Name"; Value = "2N3904"; VariantName = "[No Variations]"
Added Component: Designator=VT9(TO-92L)
Add component. Clean all parameters for all variants
Add component (AddParameter): Name = "Name"; Value = "2N3904"; VariantName = "[No Variations]"
Added Component: Designator=VT10(TO-92L)
Add component. Clean all parameters for all variants
Add component (AddParameter): Name = "Name"; Value = "2N3904"; VariantName = "[No Variations]"
Added Component: Designator=VT11(TO-92L)
Add component. Clean all parameters for all variants
Add component (AddParameter): Name = "Name"; Value = "2N3904"; VariantName = "[No Variations]"
Added Component: Designator=VT12(TO-92L)
Add component. Clean all parameters for all variants
Add component (AddParameter): Name = "Name"; Value = "2N3904"; VariantName = "[No Variations]"
Added Component: Designator=VT13(TO-92L)
Add component. Clean all parameters for all variants
Add component (AddParameter): Name = "Name"; Value = "2N3904"; VariantName = "[No Variations]"
Added Component: Designator=VT14(TO-92L)
Add component. Clean all parameters for all variants
Add component (AddParameter): Name = "Name"; Value = "2N3904"; VariantName = "[No Variations]"
Added Component: Designator=VT15(TO-92L)
Add component. Clean all parameters for all variants
Add component (AddParameter): Name = "Name"; Value = "2N3904"; VariantName = "[No Variations]"
Added Component: Designator=VT16(TO-92L)
Add component. Clean all parameters for all variants
Add component (AddParameter): Name = "Name"; Value = "2N3904"; VariantName = "[No Variations]"
Added Component: Designator=VT17(TO-92L)
Add component. Clean all parameters for all variants
Add component (AddParameter): Name = "Name"; Value = "2N3904"; VariantName = "[No Variations]"
Added Pin To Net: NetName=+3.3V Pin=JOY1-2
Added Pin To Net: NetName=+3.3V Pin=JOY2-2
Added Net: Name=+3.3V
Added Pin To Net: NetName=GND Pin=C4-1
Added Pin To Net: NetName=GND Pin=C5-1
Added Pin To Net: NetName=GND Pin=C6-1
Added Pin To Net: NetName=GND Pin=C7-1
Added Pin To Net: NetName=GND Pin=C8-1
Added Pin To Net: NetName=GND Pin=C9-1
Added Pin To Net: NetName=GND Pin=C10-1
Added Pin To Net: NetName=GND Pin=C11-1
Added Pin To Net: NetName=GND Pin=C12-1
Added Pin To Net: NetName=GND Pin=JOY1-1
Added Pin To Net: NetName=GND Pin=JOY2-1
Added Pin To Net: NetName=GND Pin=P1-2
Added Pin To Net: NetName=GND Pin=R1-2
Added Pin To Net: NetName=GND Pin=R3-1
Added Pin To Net: NetName=GND Pin=R4-2
Added Pin To Net: NetName=GND Pin=R5-2
Added Pin To Net: NetName=GND Pin=R6-2
Added Pin To Net: NetName=GND Pin=R7-2
Added Pin To Net: NetName=GND Pin=R8-2
Added Pin To Net: NetName=GND Pin=R9-2
Added Pin To Net: NetName=GND Pin=R10-2
Added Pin To Net: NetName=GND Pin=R11-2
Added Pin To Net: NetName=GND Pin=R12-2
Added Pin To Net: NetName=GND Pin=R13-2
Added Pin To Net: NetName=GND Pin=R14-2
Added Pin To Net: NetName=GND Pin=R15-2
Added Pin To Net: NetName=GND Pin=R16-2
Added Pin To Net: NetName=GND Pin=R17-2
Added Pin To Net: NetName=GND Pin=R18-2
Added Pin To Net: NetName=GND Pin=R19-2
Added Pin To Net: NetName=GND Pin=R44-2
Added Pin To Net: NetName=GND Pin=R45-1
Added Pin To Net: NetName=GND Pin=U2-7
Added Pin To Net: NetName=GND Pin=U5-7
Added Pin To Net: NetName=GND Pin=U7-8
Added Pin To Net: NetName=GND Pin=U7-13
Added Pin To Net: NetName=GND Pin=U8-8
Added Pin To Net: NetName=GND Pin=U8-13
Added Pin To Net: NetName=GND Pin=U9-8
Added Pin To Net: NetName=GND Pin=U9-13
Added Net: Name=GND
Added Net: Name=NetBT1_4
Added Net: Name=NetBT1_5
Added Pin To Net: NetName=NetDIS1_1 Pin=U7-11
Added Pin To Net: NetName=NetDIS1_1 Pin=U8-11
Added Pin To Net: NetName=NetDIS1_1 Pin=U9-11
Added Net: Name=NetDIS1_1
Added Net: Name=NetDIS1_2
Added Pin To Net: NetName=NetDIS1_3 Pin=U7-14
Added Net: Name=NetDIS1_3
Added Net: Name=NetDIS1_4
Added Net: Name=NetDIS1_5
Added Net: Name=NetDIS1_6
Added Net: Name=NetDIS1_7
Added Net: Name=NetDIS1_8
Added Net: Name=NetDIS1_9
Added Net: Name=NetDIS1_10
Added Pin To Net: NetName=NetJ1_1 Pin=P1-1
Added Pin To Net: NetName=NetJ1_1 Pin=VD2-1
Added Net: Name=NetJ1_1
Added Pin To Net: NetName=NetJ1_9 Pin=J2-3
Added Net: Name=NetJ1_9
Added Pin To Net: NetName=NetJ1_10 Pin=JOY1-5
Added Net: Name=NetJ1_10
Added Pin To Net: NetName=NetJ1_11 Pin=JOY1-3
Added Net: Name=NetJ1_11
Added Pin To Net: NetName=NetJ1_16 Pin=JOY2-4
Added Net: Name=NetJ1_16
Added Pin To Net: NetName=NetJ1_18 Pin=J2-1
Added Net: Name=NetJ1_18
Added Pin To Net: NetName=NetJ1_25 Pin=JOY2-3
Added Net: Name=NetJ1_25
Added Pin To Net: NetName=NetJ1_26 Pin=R2-2
Added Pin To Net: NetName=NetJ1_26 Pin=R3-2
Added Net: Name=NetJ1_26
Added Pin To Net: NetName=NetJ1_30 Pin=JOY1-4
Added Net: Name=NetJ1_30
Added Pin To Net: NetName=NetJ1_31 Pin=JOY2-5
Added Net: Name=NetJ1_31
Added Pin To Net: NetName=NetJ1_35 Pin=R44-1
Added Pin To Net: NetName=NetJ1_35 Pin=U2-1
Added Pin To Net: NetName=NetJ1_35 Pin=U5-4
Added Pin To Net: NetName=NetJ1_35 Pin=U5-5
Added Pin To Net: NetName=NetJ1_35 Pin=U7-12
Added Pin To Net: NetName=NetJ1_35 Pin=U8-12
Added Pin To Net: NetName=NetJ1_35 Pin=U9-12
Added Pin To Net: NetName=NetJ1_35 Pin=VT17-2
Added Net: Name=NetJ1_35
Added Pin To Net: NetName=NetJ1_39 Pin=VD1-1
Added Net: Name=NetJ1_39
Added Pin To Net: NetName=NetJ2_2 Pin=J2-2
Added Net: Name=NetJ2_2
Added Pin To Net: NetName=NetLEDM1_1 Pin=LEDM1-1
Added Pin To Net: NetName=NetLEDM1_1 Pin=LEDM1-1
Added Pin To Net: NetName=NetLEDM1_1 Pin=LEDM1-1
Added Pin To Net: NetName=NetLEDM1_1 Pin=LEDM1-1
Added Pin To Net: NetName=NetLEDM1_1 Pin=LEDM1-1
Added Pin To Net: NetName=NetLEDM1_1 Pin=LEDM1-1
Added Pin To Net: NetName=NetLEDM1_1 Pin=LEDM1-1
Added Pin To Net: NetName=NetLEDM1_1 Pin=LEDM1-1
Added Pin To Net: NetName=NetLEDM1_1 Pin=LEDM4-1
Added Pin To Net: NetName=NetLEDM1_1 Pin=LEDM4-1
Added Pin To Net: NetName=NetLEDM1_1 Pin=LEDM4-1
Added Pin To Net: NetName=NetLEDM1_1 Pin=LEDM4-1
Added Pin To Net: NetName=NetLEDM1_1 Pin=LEDM4-1
Added Pin To Net: NetName=NetLEDM1_1 Pin=LEDM4-1
Added Pin To Net: NetName=NetLEDM1_1 Pin=LEDM4-1
Added Pin To Net: NetName=NetLEDM1_1 Pin=LEDM4-1
Added Pin To Net: NetName=NetLEDM1_1 Pin=R41-2
Added Net: Name=NetLEDM1_1
Added Pin To Net: NetName=NetLEDM1_2 Pin=LEDM1-2
Added Pin To Net: NetName=NetLEDM1_2 Pin=LEDM1-2
Added Pin To Net: NetName=NetLEDM1_2 Pin=LEDM1-2
Added Pin To Net: NetName=NetLEDM1_2 Pin=LEDM1-2
Added Pin To Net: NetName=NetLEDM1_2 Pin=LEDM1-2
Added Pin To Net: NetName=NetLEDM1_2 Pin=LEDM1-2
Added Pin To Net: NetName=NetLEDM1_2 Pin=LEDM1-2
Added Pin To Net: NetName=NetLEDM1_2 Pin=LEDM1-2
Added Pin To Net: NetName=NetLEDM1_2 Pin=LEDM4-2
Added Pin To Net: NetName=NetLEDM1_2 Pin=LEDM4-2
Added Pin To Net: NetName=NetLEDM1_2 Pin=LEDM4-2
Added Pin To Net: NetName=NetLEDM1_2 Pin=LEDM4-2
Added Pin To Net: NetName=NetLEDM1_2 Pin=LEDM4-2
Added Pin To Net: NetName=NetLEDM1_2 Pin=LEDM4-2
Added Pin To Net: NetName=NetLEDM1_2 Pin=LEDM4-2
Added Pin To Net: NetName=NetLEDM1_2 Pin=LEDM4-2
Added Pin To Net: NetName=NetLEDM1_2 Pin=R38-2
Added Net: Name=NetLEDM1_2
Added Pin To Net: NetName=NetLEDM1_3 Pin=LEDM1-3
Added Pin To Net: NetName=NetLEDM1_3 Pin=LEDM1-3
Added Pin To Net: NetName=NetLEDM1_3 Pin=LEDM1-3
Added Pin To Net: NetName=NetLEDM1_3 Pin=LEDM1-3
Added Pin To Net: NetName=NetLEDM1_3 Pin=LEDM1-3
Added Pin To Net: NetName=NetLEDM1_3 Pin=LEDM1-3
Added Pin To Net: NetName=NetLEDM1_3 Pin=LEDM1-3
Added Pin To Net: NetName=NetLEDM1_3 Pin=LEDM1-3
Added Pin To Net: NetName=NetLEDM1_3 Pin=LEDM4-3
Added Pin To Net: NetName=NetLEDM1_3 Pin=LEDM4-3
Added Pin To Net: NetName=NetLEDM1_3 Pin=LEDM4-3
Added Pin To Net: NetName=NetLEDM1_3 Pin=LEDM4-3
Added Pin To Net: NetName=NetLEDM1_3 Pin=LEDM4-3
Added Pin To Net: NetName=NetLEDM1_3 Pin=LEDM4-3
Added Pin To Net: NetName=NetLEDM1_3 Pin=LEDM4-3
Added Pin To Net: NetName=NetLEDM1_3 Pin=LEDM4-3
Added Pin To Net: NetName=NetLEDM1_3 Pin=R35-2
Added Net: Name=NetLEDM1_3
Added Pin To Net: NetName=NetLEDM1_4 Pin=LEDM1-4
Added Pin To Net: NetName=NetLEDM1_4 Pin=LEDM1-4
Added Pin To Net: NetName=NetLEDM1_4 Pin=LEDM1-4
Added Pin To Net: NetName=NetLEDM1_4 Pin=LEDM1-4
Added Pin To Net: NetName=NetLEDM1_4 Pin=LEDM1-4
Added Pin To Net: NetName=NetLEDM1_4 Pin=LEDM1-4
Added Pin To Net: NetName=NetLEDM1_4 Pin=LEDM1-4
Added Pin To Net: NetName=NetLEDM1_4 Pin=LEDM1-4
Added Pin To Net: NetName=NetLEDM1_4 Pin=LEDM4-4
Added Pin To Net: NetName=NetLEDM1_4 Pin=LEDM4-4
Added Pin To Net: NetName=NetLEDM1_4 Pin=LEDM4-4
Added Pin To Net: NetName=NetLEDM1_4 Pin=LEDM4-4
Added Pin To Net: NetName=NetLEDM1_4 Pin=LEDM4-4
Added Pin To Net: NetName=NetLEDM1_4 Pin=LEDM4-4
Added Pin To Net: NetName=NetLEDM1_4 Pin=LEDM4-4
Added Pin To Net: NetName=NetLEDM1_4 Pin=LEDM4-4
Added Pin To Net: NetName=NetLEDM1_4 Pin=R32-2
Added Net: Name=NetLEDM1_4
Added Pin To Net: NetName=NetLEDM1_5 Pin=LEDM1-5
Added Pin To Net: NetName=NetLEDM1_5 Pin=LEDM1-5
Added Pin To Net: NetName=NetLEDM1_5 Pin=LEDM1-5
Added Pin To Net: NetName=NetLEDM1_5 Pin=LEDM1-5
Added Pin To Net: NetName=NetLEDM1_5 Pin=LEDM1-5
Added Pin To Net: NetName=NetLEDM1_5 Pin=LEDM1-5
Added Pin To Net: NetName=NetLEDM1_5 Pin=LEDM1-5
Added Pin To Net: NetName=NetLEDM1_5 Pin=LEDM1-5
Added Pin To Net: NetName=NetLEDM1_5 Pin=LEDM4-5
Added Pin To Net: NetName=NetLEDM1_5 Pin=LEDM4-5
Added Pin To Net: NetName=NetLEDM1_5 Pin=LEDM4-5
Added Pin To Net: NetName=NetLEDM1_5 Pin=LEDM4-5
Added Pin To Net: NetName=NetLEDM1_5 Pin=LEDM4-5
Added Pin To Net: NetName=NetLEDM1_5 Pin=LEDM4-5
Added Pin To Net: NetName=NetLEDM1_5 Pin=LEDM4-5
Added Pin To Net: NetName=NetLEDM1_5 Pin=LEDM4-5
Added Pin To Net: NetName=NetLEDM1_5 Pin=R29-2
Added Net: Name=NetLEDM1_5
Added Pin To Net: NetName=NetLEDM1_6 Pin=LEDM1-6
Added Pin To Net: NetName=NetLEDM1_6 Pin=LEDM1-6
Added Pin To Net: NetName=NetLEDM1_6 Pin=LEDM1-6
Added Pin To Net: NetName=NetLEDM1_6 Pin=LEDM1-6
Added Pin To Net: NetName=NetLEDM1_6 Pin=LEDM1-6
Added Pin To Net: NetName=NetLEDM1_6 Pin=LEDM1-6
Added Pin To Net: NetName=NetLEDM1_6 Pin=LEDM1-6
Added Pin To Net: NetName=NetLEDM1_6 Pin=LEDM1-6
Added Pin To Net: NetName=NetLEDM1_6 Pin=LEDM4-6
Added Pin To Net: NetName=NetLEDM1_6 Pin=LEDM4-6
Added Pin To Net: NetName=NetLEDM1_6 Pin=LEDM4-6
Added Pin To Net: NetName=NetLEDM1_6 Pin=LEDM4-6
Added Pin To Net: NetName=NetLEDM1_6 Pin=LEDM4-6
Added Pin To Net: NetName=NetLEDM1_6 Pin=LEDM4-6
Added Pin To Net: NetName=NetLEDM1_6 Pin=LEDM4-6
Added Pin To Net: NetName=NetLEDM1_6 Pin=LEDM4-6
Added Pin To Net: NetName=NetLEDM1_6 Pin=R26-2
Added Net: Name=NetLEDM1_6
Added Pin To Net: NetName=NetLEDM1_7 Pin=LEDM1-7
Added Pin To Net: NetName=NetLEDM1_7 Pin=LEDM1-7
Added Pin To Net: NetName=NetLEDM1_7 Pin=LEDM1-7
Added Pin To Net: NetName=NetLEDM1_7 Pin=LEDM1-7
Added Pin To Net: NetName=NetLEDM1_7 Pin=LEDM1-7
Added Pin To Net: NetName=NetLEDM1_7 Pin=LEDM1-7
Added Pin To Net: NetName=NetLEDM1_7 Pin=LEDM1-7
Added Pin To Net: NetName=NetLEDM1_7 Pin=LEDM1-7
Added Pin To Net: NetName=NetLEDM1_7 Pin=LEDM4-7
Added Pin To Net: NetName=NetLEDM1_7 Pin=LEDM4-7
Added Pin To Net: NetName=NetLEDM1_7 Pin=LEDM4-7
Added Pin To Net: NetName=NetLEDM1_7 Pin=LEDM4-7
Added Pin To Net: NetName=NetLEDM1_7 Pin=LEDM4-7
Added Pin To Net: NetName=NetLEDM1_7 Pin=LEDM4-7
Added Pin To Net: NetName=NetLEDM1_7 Pin=LEDM4-7
Added Pin To Net: NetName=NetLEDM1_7 Pin=LEDM4-7
Added Pin To Net: NetName=NetLEDM1_7 Pin=R23-2
Added Net: Name=NetLEDM1_7
Added Pin To Net: NetName=NetLEDM1_8 Pin=LEDM1-8
Added Pin To Net: NetName=NetLEDM1_8 Pin=LEDM1-8
Added Pin To Net: NetName=NetLEDM1_8 Pin=LEDM1-8
Added Pin To Net: NetName=NetLEDM1_8 Pin=LEDM1-8
Added Pin To Net: NetName=NetLEDM1_8 Pin=LEDM1-8
Added Pin To Net: NetName=NetLEDM1_8 Pin=LEDM1-8
Added Pin To Net: NetName=NetLEDM1_8 Pin=LEDM1-8
Added Pin To Net: NetName=NetLEDM1_8 Pin=LEDM1-8
Added Pin To Net: NetName=NetLEDM1_8 Pin=LEDM4-8
Added Pin To Net: NetName=NetLEDM1_8 Pin=LEDM4-8
Added Pin To Net: NetName=NetLEDM1_8 Pin=LEDM4-8
Added Pin To Net: NetName=NetLEDM1_8 Pin=LEDM4-8
Added Pin To Net: NetName=NetLEDM1_8 Pin=LEDM4-8
Added Pin To Net: NetName=NetLEDM1_8 Pin=LEDM4-8
Added Pin To Net: NetName=NetLEDM1_8 Pin=LEDM4-8
Added Pin To Net: NetName=NetLEDM1_8 Pin=LEDM4-8
Added Pin To Net: NetName=NetLEDM1_8 Pin=R20-2
Added Net: Name=NetLEDM1_8
Added Pin To Net: NetName=NetLEDM1_9 Pin=LEDM1-9
Added Pin To Net: NetName=NetLEDM1_9 Pin=LEDM1-9
Added Pin To Net: NetName=NetLEDM1_9 Pin=LEDM1-9
Added Pin To Net: NetName=NetLEDM1_9 Pin=LEDM1-9
Added Pin To Net: NetName=NetLEDM1_9 Pin=LEDM1-9
Added Pin To Net: NetName=NetLEDM1_9 Pin=LEDM1-9
Added Pin To Net: NetName=NetLEDM1_9 Pin=LEDM1-9
Added Pin To Net: NetName=NetLEDM1_9 Pin=LEDM1-9
Added Pin To Net: NetName=NetLEDM1_9 Pin=LEDM2-9
Added Pin To Net: NetName=NetLEDM1_9 Pin=LEDM2-9
Added Pin To Net: NetName=NetLEDM1_9 Pin=LEDM2-9
Added Pin To Net: NetName=NetLEDM1_9 Pin=LEDM2-9
Added Pin To Net: NetName=NetLEDM1_9 Pin=LEDM2-9
Added Pin To Net: NetName=NetLEDM1_9 Pin=LEDM2-9
Added Pin To Net: NetName=NetLEDM1_9 Pin=LEDM2-9
Added Pin To Net: NetName=NetLEDM1_9 Pin=LEDM2-9
Added Pin To Net: NetName=NetLEDM1_9 Pin=LEDM3-9
Added Pin To Net: NetName=NetLEDM1_9 Pin=LEDM3-9
Added Pin To Net: NetName=NetLEDM1_9 Pin=LEDM3-9
Added Pin To Net: NetName=NetLEDM1_9 Pin=LEDM3-9
Added Pin To Net: NetName=NetLEDM1_9 Pin=LEDM3-9
Added Pin To Net: NetName=NetLEDM1_9 Pin=LEDM3-9
Added Pin To Net: NetName=NetLEDM1_9 Pin=LEDM3-9
Added Pin To Net: NetName=NetLEDM1_9 Pin=LEDM3-9
Added Pin To Net: NetName=NetLEDM1_9 Pin=R4-1
Added Pin To Net: NetName=NetLEDM1_9 Pin=VT2-1
Added Net: Name=NetLEDM1_9
Added Pin To Net: NetName=NetLEDM1_10 Pin=LEDM1-10
Added Pin To Net: NetName=NetLEDM1_10 Pin=LEDM1-10
Added Pin To Net: NetName=NetLEDM1_10 Pin=LEDM1-10
Added Pin To Net: NetName=NetLEDM1_10 Pin=LEDM1-10
Added Pin To Net: NetName=NetLEDM1_10 Pin=LEDM1-10
Added Pin To Net: NetName=NetLEDM1_10 Pin=LEDM1-10
Added Pin To Net: NetName=NetLEDM1_10 Pin=LEDM1-10
Added Pin To Net: NetName=NetLEDM1_10 Pin=LEDM1-10
Added Pin To Net: NetName=NetLEDM1_10 Pin=LEDM2-10
Added Pin To Net: NetName=NetLEDM1_10 Pin=LEDM2-10
Added Pin To Net: NetName=NetLEDM1_10 Pin=LEDM2-10
Added Pin To Net: NetName=NetLEDM1_10 Pin=LEDM2-10
Added Pin To Net: NetName=NetLEDM1_10 Pin=LEDM2-10
Added Pin To Net: NetName=NetLEDM1_10 Pin=LEDM2-10
Added Pin To Net: NetName=NetLEDM1_10 Pin=LEDM2-10
Added Pin To Net: NetName=NetLEDM1_10 Pin=LEDM2-10
Added Pin To Net: NetName=NetLEDM1_10 Pin=LEDM3-10
Added Pin To Net: NetName=NetLEDM1_10 Pin=LEDM3-10
Added Pin To Net: NetName=NetLEDM1_10 Pin=LEDM3-10
Added Pin To Net: NetName=NetLEDM1_10 Pin=LEDM3-10
Added Pin To Net: NetName=NetLEDM1_10 Pin=LEDM3-10
Added Pin To Net: NetName=NetLEDM1_10 Pin=LEDM3-10
Added Pin To Net: NetName=NetLEDM1_10 Pin=LEDM3-10
Added Pin To Net: NetName=NetLEDM1_10 Pin=LEDM3-10
Added Pin To Net: NetName=NetLEDM1_10 Pin=R5-1
Added Pin To Net: NetName=NetLEDM1_10 Pin=VT4-1
Added Net: Name=NetLEDM1_10
Added Pin To Net: NetName=NetLEDM1_11 Pin=LEDM1-11
Added Pin To Net: NetName=NetLEDM1_11 Pin=LEDM1-11
Added Pin To Net: NetName=NetLEDM1_11 Pin=LEDM1-11
Added Pin To Net: NetName=NetLEDM1_11 Pin=LEDM1-11
Added Pin To Net: NetName=NetLEDM1_11 Pin=LEDM1-11
Added Pin To Net: NetName=NetLEDM1_11 Pin=LEDM1-11
Added Pin To Net: NetName=NetLEDM1_11 Pin=LEDM1-11
Added Pin To Net: NetName=NetLEDM1_11 Pin=LEDM1-11
Added Pin To Net: NetName=NetLEDM1_11 Pin=LEDM2-11
Added Pin To Net: NetName=NetLEDM1_11 Pin=LEDM2-11
Added Pin To Net: NetName=NetLEDM1_11 Pin=LEDM2-11
Added Pin To Net: NetName=NetLEDM1_11 Pin=LEDM2-11
Added Pin To Net: NetName=NetLEDM1_11 Pin=LEDM2-11
Added Pin To Net: NetName=NetLEDM1_11 Pin=LEDM2-11
Added Pin To Net: NetName=NetLEDM1_11 Pin=LEDM2-11
Added Pin To Net: NetName=NetLEDM1_11 Pin=LEDM2-11
Added Pin To Net: NetName=NetLEDM1_11 Pin=LEDM3-11
Added Pin To Net: NetName=NetLEDM1_11 Pin=LEDM3-11
Added Pin To Net: NetName=NetLEDM1_11 Pin=LEDM3-11
Added Pin To Net: NetName=NetLEDM1_11 Pin=LEDM3-11
Added Pin To Net: NetName=NetLEDM1_11 Pin=LEDM3-11
Added Pin To Net: NetName=NetLEDM1_11 Pin=LEDM3-11
Added Pin To Net: NetName=NetLEDM1_11 Pin=LEDM3-11
Added Pin To Net: NetName=NetLEDM1_11 Pin=LEDM3-11
Added Pin To Net: NetName=NetLEDM1_11 Pin=R6-1
Added Pin To Net: NetName=NetLEDM1_11 Pin=VT6-1
Added Net: Name=NetLEDM1_11
Added Pin To Net: NetName=NetLEDM1_12 Pin=LEDM1-12
Added Pin To Net: NetName=NetLEDM1_12 Pin=LEDM1-12
Added Pin To Net: NetName=NetLEDM1_12 Pin=LEDM1-12
Added Pin To Net: NetName=NetLEDM1_12 Pin=LEDM1-12
Added Pin To Net: NetName=NetLEDM1_12 Pin=LEDM1-12
Added Pin To Net: NetName=NetLEDM1_12 Pin=LEDM1-12
Added Pin To Net: NetName=NetLEDM1_12 Pin=LEDM1-12
Added Pin To Net: NetName=NetLEDM1_12 Pin=LEDM1-12
Added Pin To Net: NetName=NetLEDM1_12 Pin=LEDM2-12
Added Pin To Net: NetName=NetLEDM1_12 Pin=LEDM2-12
Added Pin To Net: NetName=NetLEDM1_12 Pin=LEDM2-12
Added Pin To Net: NetName=NetLEDM1_12 Pin=LEDM2-12
Added Pin To Net: NetName=NetLEDM1_12 Pin=LEDM2-12
Added Pin To Net: NetName=NetLEDM1_12 Pin=LEDM2-12
Added Pin To Net: NetName=NetLEDM1_12 Pin=LEDM2-12
Added Pin To Net: NetName=NetLEDM1_12 Pin=LEDM2-12
Added Pin To Net: NetName=NetLEDM1_12 Pin=LEDM3-12
Added Pin To Net: NetName=NetLEDM1_12 Pin=LEDM3-12
Added Pin To Net: NetName=NetLEDM1_12 Pin=LEDM3-12
Added Pin To Net: NetName=NetLEDM1_12 Pin=LEDM3-12
Added Pin To Net: NetName=NetLEDM1_12 Pin=LEDM3-12
Added Pin To Net: NetName=NetLEDM1_12 Pin=LEDM3-12
Added Pin To Net: NetName=NetLEDM1_12 Pin=LEDM3-12
Added Pin To Net: NetName=NetLEDM1_12 Pin=LEDM3-12
Added Pin To Net: NetName=NetLEDM1_12 Pin=R7-1
Added Pin To Net: NetName=NetLEDM1_12 Pin=VT8-1
Added Net: Name=NetLEDM1_12
Added Pin To Net: NetName=NetLEDM1_13 Pin=LEDM1-13
Added Pin To Net: NetName=NetLEDM1_13 Pin=LEDM1-13
Added Pin To Net: NetName=NetLEDM1_13 Pin=LEDM1-13
Added Pin To Net: NetName=NetLEDM1_13 Pin=LEDM1-13
Added Pin To Net: NetName=NetLEDM1_13 Pin=LEDM1-13
Added Pin To Net: NetName=NetLEDM1_13 Pin=LEDM1-13
Added Pin To Net: NetName=NetLEDM1_13 Pin=LEDM1-13
Added Pin To Net: NetName=NetLEDM1_13 Pin=LEDM1-13
Added Pin To Net: NetName=NetLEDM1_13 Pin=LEDM2-13
Added Pin To Net: NetName=NetLEDM1_13 Pin=LEDM2-13
Added Pin To Net: NetName=NetLEDM1_13 Pin=LEDM2-13
Added Pin To Net: NetName=NetLEDM1_13 Pin=LEDM2-13
Added Pin To Net: NetName=NetLEDM1_13 Pin=LEDM2-13
Added Pin To Net: NetName=NetLEDM1_13 Pin=LEDM2-13
Added Pin To Net: NetName=NetLEDM1_13 Pin=LEDM2-13
Added Pin To Net: NetName=NetLEDM1_13 Pin=LEDM2-13
Added Pin To Net: NetName=NetLEDM1_13 Pin=LEDM3-13
Added Pin To Net: NetName=NetLEDM1_13 Pin=LEDM3-13
Added Pin To Net: NetName=NetLEDM1_13 Pin=LEDM3-13
Added Pin To Net: NetName=NetLEDM1_13 Pin=LEDM3-13
Added Pin To Net: NetName=NetLEDM1_13 Pin=LEDM3-13
Added Pin To Net: NetName=NetLEDM1_13 Pin=LEDM3-13
Added Pin To Net: NetName=NetLEDM1_13 Pin=LEDM3-13
Added Pin To Net: NetName=NetLEDM1_13 Pin=LEDM3-13
Added Pin To Net: NetName=NetLEDM1_13 Pin=R8-1
Added Pin To Net: NetName=NetLEDM1_13 Pin=VT10-1
Added Net: Name=NetLEDM1_13
Added Pin To Net: NetName=NetLEDM1_14 Pin=LEDM1-14
Added Pin To Net: NetName=NetLEDM1_14 Pin=LEDM1-14
Added Pin To Net: NetName=NetLEDM1_14 Pin=LEDM1-14
Added Pin To Net: NetName=NetLEDM1_14 Pin=LEDM1-14
Added Pin To Net: NetName=NetLEDM1_14 Pin=LEDM1-14
Added Pin To Net: NetName=NetLEDM1_14 Pin=LEDM1-14
Added Pin To Net: NetName=NetLEDM1_14 Pin=LEDM1-14
Added Pin To Net: NetName=NetLEDM1_14 Pin=LEDM1-14
Added Pin To Net: NetName=NetLEDM1_14 Pin=LEDM2-14
Added Pin To Net: NetName=NetLEDM1_14 Pin=LEDM2-14
Added Pin To Net: NetName=NetLEDM1_14 Pin=LEDM2-14
Added Pin To Net: NetName=NetLEDM1_14 Pin=LEDM2-14
Added Pin To Net: NetName=NetLEDM1_14 Pin=LEDM2-14
Added Pin To Net: NetName=NetLEDM1_14 Pin=LEDM2-14
Added Pin To Net: NetName=NetLEDM1_14 Pin=LEDM2-14
Added Pin To Net: NetName=NetLEDM1_14 Pin=LEDM2-14
Added Pin To Net: NetName=NetLEDM1_14 Pin=LEDM3-14
Added Pin To Net: NetName=NetLEDM1_14 Pin=LEDM3-14
Added Pin To Net: NetName=NetLEDM1_14 Pin=LEDM3-14
Added Pin To Net: NetName=NetLEDM1_14 Pin=LEDM3-14
Added Pin To Net: NetName=NetLEDM1_14 Pin=LEDM3-14
Added Pin To Net: NetName=NetLEDM1_14 Pin=LEDM3-14
Added Pin To Net: NetName=NetLEDM1_14 Pin=LEDM3-14
Added Pin To Net: NetName=NetLEDM1_14 Pin=LEDM3-14
Added Pin To Net: NetName=NetLEDM1_14 Pin=R9-1
Added Pin To Net: NetName=NetLEDM1_14 Pin=VT12-1
Added Net: Name=NetLEDM1_14
Added Pin To Net: NetName=NetLEDM1_15 Pin=LEDM1-15
Added Pin To Net: NetName=NetLEDM1_15 Pin=LEDM1-15
Added Pin To Net: NetName=NetLEDM1_15 Pin=LEDM1-15
Added Pin To Net: NetName=NetLEDM1_15 Pin=LEDM1-15
Added Pin To Net: NetName=NetLEDM1_15 Pin=LEDM1-15
Added Pin To Net: NetName=NetLEDM1_15 Pin=LEDM1-15
Added Pin To Net: NetName=NetLEDM1_15 Pin=LEDM1-15
Added Pin To Net: NetName=NetLEDM1_15 Pin=LEDM1-15
Added Pin To Net: NetName=NetLEDM1_15 Pin=LEDM2-15
Added Pin To Net: NetName=NetLEDM1_15 Pin=LEDM2-15
Added Pin To Net: NetName=NetLEDM1_15 Pin=LEDM2-15
Added Pin To Net: NetName=NetLEDM1_15 Pin=LEDM2-15
Added Pin To Net: NetName=NetLEDM1_15 Pin=LEDM2-15
Added Pin To Net: NetName=NetLEDM1_15 Pin=LEDM2-15
Added Pin To Net: NetName=NetLEDM1_15 Pin=LEDM2-15
Added Pin To Net: NetName=NetLEDM1_15 Pin=LEDM2-15
Added Pin To Net: NetName=NetLEDM1_15 Pin=LEDM3-15
Added Pin To Net: NetName=NetLEDM1_15 Pin=LEDM3-15
Added Pin To Net: NetName=NetLEDM1_15 Pin=LEDM3-15
Added Pin To Net: NetName=NetLEDM1_15 Pin=LEDM3-15
Added Pin To Net: NetName=NetLEDM1_15 Pin=LEDM3-15
Added Pin To Net: NetName=NetLEDM1_15 Pin=LEDM3-15
Added Pin To Net: NetName=NetLEDM1_15 Pin=LEDM3-15
Added Pin To Net: NetName=NetLEDM1_15 Pin=LEDM3-15
Added Pin To Net: NetName=NetLEDM1_15 Pin=R10-1
Added Pin To Net: NetName=NetLEDM1_15 Pin=VT14-1
Added Net: Name=NetLEDM1_15
Added Pin To Net: NetName=NetLEDM1_16 Pin=LEDM1-16
Added Pin To Net: NetName=NetLEDM1_16 Pin=LEDM1-16
Added Pin To Net: NetName=NetLEDM1_16 Pin=LEDM1-16
Added Pin To Net: NetName=NetLEDM1_16 Pin=LEDM1-16
Added Pin To Net: NetName=NetLEDM1_16 Pin=LEDM1-16
Added Pin To Net: NetName=NetLEDM1_16 Pin=LEDM1-16
Added Pin To Net: NetName=NetLEDM1_16 Pin=LEDM1-16
Added Pin To Net: NetName=NetLEDM1_16 Pin=LEDM1-16
Added Pin To Net: NetName=NetLEDM1_16 Pin=LEDM2-16
Added Pin To Net: NetName=NetLEDM1_16 Pin=LEDM2-16
Added Pin To Net: NetName=NetLEDM1_16 Pin=LEDM2-16
Added Pin To Net: NetName=NetLEDM1_16 Pin=LEDM2-16
Added Pin To Net: NetName=NetLEDM1_16 Pin=LEDM2-16
Added Pin To Net: NetName=NetLEDM1_16 Pin=LEDM2-16
Added Pin To Net: NetName=NetLEDM1_16 Pin=LEDM2-16
Added Pin To Net: NetName=NetLEDM1_16 Pin=LEDM2-16
Added Pin To Net: NetName=NetLEDM1_16 Pin=LEDM3-16
Added Pin To Net: NetName=NetLEDM1_16 Pin=LEDM3-16
Added Pin To Net: NetName=NetLEDM1_16 Pin=LEDM3-16
Added Pin To Net: NetName=NetLEDM1_16 Pin=LEDM3-16
Added Pin To Net: NetName=NetLEDM1_16 Pin=LEDM3-16
Added Pin To Net: NetName=NetLEDM1_16 Pin=LEDM3-16
Added Pin To Net: NetName=NetLEDM1_16 Pin=LEDM3-16
Added Pin To Net: NetName=NetLEDM1_16 Pin=LEDM3-16
Added Pin To Net: NetName=NetLEDM1_16 Pin=R11-1
Added Pin To Net: NetName=NetLEDM1_16 Pin=VT16-1
Added Net: Name=NetLEDM1_16
Added Pin To Net: NetName=NetLEDM2_1 Pin=LEDM2-1
Added Pin To Net: NetName=NetLEDM2_1 Pin=LEDM2-1
Added Pin To Net: NetName=NetLEDM2_1 Pin=LEDM2-1
Added Pin To Net: NetName=NetLEDM2_1 Pin=LEDM2-1
Added Pin To Net: NetName=NetLEDM2_1 Pin=LEDM2-1
Added Pin To Net: NetName=NetLEDM2_1 Pin=LEDM2-1
Added Pin To Net: NetName=NetLEDM2_1 Pin=LEDM2-1
Added Pin To Net: NetName=NetLEDM2_1 Pin=LEDM2-1
Added Pin To Net: NetName=NetLEDM2_1 Pin=LEDM5-1
Added Pin To Net: NetName=NetLEDM2_1 Pin=LEDM5-1
Added Pin To Net: NetName=NetLEDM2_1 Pin=LEDM5-1
Added Pin To Net: NetName=NetLEDM2_1 Pin=LEDM5-1
Added Pin To Net: NetName=NetLEDM2_1 Pin=LEDM5-1
Added Pin To Net: NetName=NetLEDM2_1 Pin=LEDM5-1
Added Pin To Net: NetName=NetLEDM2_1 Pin=LEDM5-1
Added Pin To Net: NetName=NetLEDM2_1 Pin=LEDM5-1
Added Pin To Net: NetName=NetLEDM2_1 Pin=R42-2
Added Net: Name=NetLEDM2_1
Added Pin To Net: NetName=NetLEDM2_2 Pin=LEDM2-2
Added Pin To Net: NetName=NetLEDM2_2 Pin=LEDM2-2
Added Pin To Net: NetName=NetLEDM2_2 Pin=LEDM2-2
Added Pin To Net: NetName=NetLEDM2_2 Pin=LEDM2-2
Added Pin To Net: NetName=NetLEDM2_2 Pin=LEDM2-2
Added Pin To Net: NetName=NetLEDM2_2 Pin=LEDM2-2
Added Pin To Net: NetName=NetLEDM2_2 Pin=LEDM2-2
Added Pin To Net: NetName=NetLEDM2_2 Pin=LEDM2-2
Added Pin To Net: NetName=NetLEDM2_2 Pin=LEDM5-2
Added Pin To Net: NetName=NetLEDM2_2 Pin=LEDM5-2
Added Pin To Net: NetName=NetLEDM2_2 Pin=LEDM5-2
Added Pin To Net: NetName=NetLEDM2_2 Pin=LEDM5-2
Added Pin To Net: NetName=NetLEDM2_2 Pin=LEDM5-2
Added Pin To Net: NetName=NetLEDM2_2 Pin=LEDM5-2
Added Pin To Net: NetName=NetLEDM2_2 Pin=LEDM5-2
Added Pin To Net: NetName=NetLEDM2_2 Pin=LEDM5-2
Added Pin To Net: NetName=NetLEDM2_2 Pin=R39-2
Added Net: Name=NetLEDM2_2
Added Pin To Net: NetName=NetLEDM2_3 Pin=LEDM2-3
Added Pin To Net: NetName=NetLEDM2_3 Pin=LEDM2-3
Added Pin To Net: NetName=NetLEDM2_3 Pin=LEDM2-3
Added Pin To Net: NetName=NetLEDM2_3 Pin=LEDM2-3
Added Pin To Net: NetName=NetLEDM2_3 Pin=LEDM2-3
Added Pin To Net: NetName=NetLEDM2_3 Pin=LEDM2-3
Added Pin To Net: NetName=NetLEDM2_3 Pin=LEDM2-3
Added Pin To Net: NetName=NetLEDM2_3 Pin=LEDM2-3
Added Pin To Net: NetName=NetLEDM2_3 Pin=LEDM5-3
Added Pin To Net: NetName=NetLEDM2_3 Pin=LEDM5-3
Added Pin To Net: NetName=NetLEDM2_3 Pin=LEDM5-3
Added Pin To Net: NetName=NetLEDM2_3 Pin=LEDM5-3
Added Pin To Net: NetName=NetLEDM2_3 Pin=LEDM5-3
Added Pin To Net: NetName=NetLEDM2_3 Pin=LEDM5-3
Added Pin To Net: NetName=NetLEDM2_3 Pin=LEDM5-3
Added Pin To Net: NetName=NetLEDM2_3 Pin=LEDM5-3
Added Pin To Net: NetName=NetLEDM2_3 Pin=R36-2
Added Net: Name=NetLEDM2_3
Added Pin To Net: NetName=NetLEDM2_4 Pin=LEDM2-4
Added Pin To Net: NetName=NetLEDM2_4 Pin=LEDM2-4
Added Pin To Net: NetName=NetLEDM2_4 Pin=LEDM2-4
Added Pin To Net: NetName=NetLEDM2_4 Pin=LEDM2-4
Added Pin To Net: NetName=NetLEDM2_4 Pin=LEDM2-4
Added Pin To Net: NetName=NetLEDM2_4 Pin=LEDM2-4
Added Pin To Net: NetName=NetLEDM2_4 Pin=LEDM2-4
Added Pin To Net: NetName=NetLEDM2_4 Pin=LEDM2-4
Added Pin To Net: NetName=NetLEDM2_4 Pin=LEDM5-4
Added Pin To Net: NetName=NetLEDM2_4 Pin=LEDM5-4
Added Pin To Net: NetName=NetLEDM2_4 Pin=LEDM5-4
Added Pin To Net: NetName=NetLEDM2_4 Pin=LEDM5-4
Added Pin To Net: NetName=NetLEDM2_4 Pin=LEDM5-4
Added Pin To Net: NetName=NetLEDM2_4 Pin=LEDM5-4
Added Pin To Net: NetName=NetLEDM2_4 Pin=LEDM5-4
Added Pin To Net: NetName=NetLEDM2_4 Pin=LEDM5-4
Added Pin To Net: NetName=NetLEDM2_4 Pin=R33-2
Added Net: Name=NetLEDM2_4
Added Pin To Net: NetName=NetLEDM2_5 Pin=LEDM2-5
Added Pin To Net: NetName=NetLEDM2_5 Pin=LEDM2-5
Added Pin To Net: NetName=NetLEDM2_5 Pin=LEDM2-5
Added Pin To Net: NetName=NetLEDM2_5 Pin=LEDM2-5
Added Pin To Net: NetName=NetLEDM2_5 Pin=LEDM2-5
Added Pin To Net: NetName=NetLEDM2_5 Pin=LEDM2-5
Added Pin To Net: NetName=NetLEDM2_5 Pin=LEDM2-5
Added Pin To Net: NetName=NetLEDM2_5 Pin=LEDM2-5
Added Pin To Net: NetName=NetLEDM2_5 Pin=LEDM5-5
Added Pin To Net: NetName=NetLEDM2_5 Pin=LEDM5-5
Added Pin To Net: NetName=NetLEDM2_5 Pin=LEDM5-5
Added Pin To Net: NetName=NetLEDM2_5 Pin=LEDM5-5
Added Pin To Net: NetName=NetLEDM2_5 Pin=LEDM5-5
Added Pin To Net: NetName=NetLEDM2_5 Pin=LEDM5-5
Added Pin To Net: NetName=NetLEDM2_5 Pin=LEDM5-5
Added Pin To Net: NetName=NetLEDM2_5 Pin=LEDM5-5
Added Pin To Net: NetName=NetLEDM2_5 Pin=R30-2
Added Net: Name=NetLEDM2_5
Added Pin To Net: NetName=NetLEDM2_6 Pin=LEDM2-6
Added Pin To Net: NetName=NetLEDM2_6 Pin=LEDM2-6
Added Pin To Net: NetName=NetLEDM2_6 Pin=LEDM2-6
Added Pin To Net: NetName=NetLEDM2_6 Pin=LEDM2-6
Added Pin To Net: NetName=NetLEDM2_6 Pin=LEDM2-6
Added Pin To Net: NetName=NetLEDM2_6 Pin=LEDM2-6
Added Pin To Net: NetName=NetLEDM2_6 Pin=LEDM2-6
Added Pin To Net: NetName=NetLEDM2_6 Pin=LEDM2-6
Added Pin To Net: NetName=NetLEDM2_6 Pin=LEDM5-6
Added Pin To Net: NetName=NetLEDM2_6 Pin=LEDM5-6
Added Pin To Net: NetName=NetLEDM2_6 Pin=LEDM5-6
Added Pin To Net: NetName=NetLEDM2_6 Pin=LEDM5-6
Added Pin To Net: NetName=NetLEDM2_6 Pin=LEDM5-6
Added Pin To Net: NetName=NetLEDM2_6 Pin=LEDM5-6
Added Pin To Net: NetName=NetLEDM2_6 Pin=LEDM5-6
Added Pin To Net: NetName=NetLEDM2_6 Pin=LEDM5-6
Added Pin To Net: NetName=NetLEDM2_6 Pin=R27-2
Added Net: Name=NetLEDM2_6
Added Pin To Net: NetName=NetLEDM2_7 Pin=LEDM2-7
Added Pin To Net: NetName=NetLEDM2_7 Pin=LEDM2-7
Added Pin To Net: NetName=NetLEDM2_7 Pin=LEDM2-7
Added Pin To Net: NetName=NetLEDM2_7 Pin=LEDM2-7
Added Pin To Net: NetName=NetLEDM2_7 Pin=LEDM2-7
Added Pin To Net: NetName=NetLEDM2_7 Pin=LEDM2-7
Added Pin To Net: NetName=NetLEDM2_7 Pin=LEDM2-7
Added Pin To Net: NetName=NetLEDM2_7 Pin=LEDM2-7
Added Pin To Net: NetName=NetLEDM2_7 Pin=LEDM5-7
Added Pin To Net: NetName=NetLEDM2_7 Pin=LEDM5-7
Added Pin To Net: NetName=NetLEDM2_7 Pin=LEDM5-7
Added Pin To Net: NetName=NetLEDM2_7 Pin=LEDM5-7
Added Pin To Net: NetName=NetLEDM2_7 Pin=LEDM5-7
Added Pin To Net: NetName=NetLEDM2_7 Pin=LEDM5-7
Added Pin To Net: NetName=NetLEDM2_7 Pin=LEDM5-7
Added Pin To Net: NetName=NetLEDM2_7 Pin=LEDM5-7
Added Pin To Net: NetName=NetLEDM2_7 Pin=R24-2
Added Net: Name=NetLEDM2_7
Added Pin To Net: NetName=NetLEDM2_8 Pin=LEDM2-8
Added Pin To Net: NetName=NetLEDM2_8 Pin=LEDM2-8
Added Pin To Net: NetName=NetLEDM2_8 Pin=LEDM2-8
Added Pin To Net: NetName=NetLEDM2_8 Pin=LEDM2-8
Added Pin To Net: NetName=NetLEDM2_8 Pin=LEDM2-8
Added Pin To Net: NetName=NetLEDM2_8 Pin=LEDM2-8
Added Pin To Net: NetName=NetLEDM2_8 Pin=LEDM2-8
Added Pin To Net: NetName=NetLEDM2_8 Pin=LEDM2-8
Added Pin To Net: NetName=NetLEDM2_8 Pin=LEDM5-8
Added Pin To Net: NetName=NetLEDM2_8 Pin=LEDM5-8
Added Pin To Net: NetName=NetLEDM2_8 Pin=LEDM5-8
Added Pin To Net: NetName=NetLEDM2_8 Pin=LEDM5-8
Added Pin To Net: NetName=NetLEDM2_8 Pin=LEDM5-8
Added Pin To Net: NetName=NetLEDM2_8 Pin=LEDM5-8
Added Pin To Net: NetName=NetLEDM2_8 Pin=LEDM5-8
Added Pin To Net: NetName=NetLEDM2_8 Pin=LEDM5-8
Added Pin To Net: NetName=NetLEDM2_8 Pin=R21-2
Added Net: Name=NetLEDM2_8
Added Pin To Net: NetName=NetLEDM3_1 Pin=LEDM3-1
Added Pin To Net: NetName=NetLEDM3_1 Pin=LEDM3-1
Added Pin To Net: NetName=NetLEDM3_1 Pin=LEDM3-1
Added Pin To Net: NetName=NetLEDM3_1 Pin=LEDM3-1
Added Pin To Net: NetName=NetLEDM3_1 Pin=LEDM3-1
Added Pin To Net: NetName=NetLEDM3_1 Pin=LEDM3-1
Added Pin To Net: NetName=NetLEDM3_1 Pin=LEDM3-1
Added Pin To Net: NetName=NetLEDM3_1 Pin=LEDM3-1
Added Pin To Net: NetName=NetLEDM3_1 Pin=LEDM6-1
Added Pin To Net: NetName=NetLEDM3_1 Pin=LEDM6-1
Added Pin To Net: NetName=NetLEDM3_1 Pin=LEDM6-1
Added Pin To Net: NetName=NetLEDM3_1 Pin=LEDM6-1
Added Pin To Net: NetName=NetLEDM3_1 Pin=LEDM6-1
Added Pin To Net: NetName=NetLEDM3_1 Pin=LEDM6-1
Added Pin To Net: NetName=NetLEDM3_1 Pin=LEDM6-1
Added Pin To Net: NetName=NetLEDM3_1 Pin=LEDM6-1
Added Pin To Net: NetName=NetLEDM3_1 Pin=R43-2
Added Net: Name=NetLEDM3_1
Added Pin To Net: NetName=NetLEDM3_2 Pin=LEDM3-2
Added Pin To Net: NetName=NetLEDM3_2 Pin=LEDM3-2
Added Pin To Net: NetName=NetLEDM3_2 Pin=LEDM3-2
Added Pin To Net: NetName=NetLEDM3_2 Pin=LEDM3-2
Added Pin To Net: NetName=NetLEDM3_2 Pin=LEDM3-2
Added Pin To Net: NetName=NetLEDM3_2 Pin=LEDM3-2
Added Pin To Net: NetName=NetLEDM3_2 Pin=LEDM3-2
Added Pin To Net: NetName=NetLEDM3_2 Pin=LEDM3-2
Added Pin To Net: NetName=NetLEDM3_2 Pin=LEDM6-2
Added Pin To Net: NetName=NetLEDM3_2 Pin=LEDM6-2
Added Pin To Net: NetName=NetLEDM3_2 Pin=LEDM6-2
Added Pin To Net: NetName=NetLEDM3_2 Pin=LEDM6-2
Added Pin To Net: NetName=NetLEDM3_2 Pin=LEDM6-2
Added Pin To Net: NetName=NetLEDM3_2 Pin=LEDM6-2
Added Pin To Net: NetName=NetLEDM3_2 Pin=LEDM6-2
Added Pin To Net: NetName=NetLEDM3_2 Pin=LEDM6-2
Added Pin To Net: NetName=NetLEDM3_2 Pin=R40-2
Added Net: Name=NetLEDM3_2
Added Pin To Net: NetName=NetLEDM3_3 Pin=LEDM3-3
Added Pin To Net: NetName=NetLEDM3_3 Pin=LEDM3-3
Added Pin To Net: NetName=NetLEDM3_3 Pin=LEDM3-3
Added Pin To Net: NetName=NetLEDM3_3 Pin=LEDM3-3
Added Pin To Net: NetName=NetLEDM3_3 Pin=LEDM3-3
Added Pin To Net: NetName=NetLEDM3_3 Pin=LEDM3-3
Added Pin To Net: NetName=NetLEDM3_3 Pin=LEDM3-3
Added Pin To Net: NetName=NetLEDM3_3 Pin=LEDM3-3
Added Pin To Net: NetName=NetLEDM3_3 Pin=LEDM6-3
Added Pin To Net: NetName=NetLEDM3_3 Pin=LEDM6-3
Added Pin To Net: NetName=NetLEDM3_3 Pin=LEDM6-3
Added Pin To Net: NetName=NetLEDM3_3 Pin=LEDM6-3
Added Pin To Net: NetName=NetLEDM3_3 Pin=LEDM6-3
Added Pin To Net: NetName=NetLEDM3_3 Pin=LEDM6-3
Added Pin To Net: NetName=NetLEDM3_3 Pin=LEDM6-3
Added Pin To Net: NetName=NetLEDM3_3 Pin=LEDM6-3
Added Pin To Net: NetName=NetLEDM3_3 Pin=R37-2
Added Net: Name=NetLEDM3_3
Added Pin To Net: NetName=NetLEDM3_4 Pin=LEDM3-4
Added Pin To Net: NetName=NetLEDM3_4 Pin=LEDM3-4
Added Pin To Net: NetName=NetLEDM3_4 Pin=LEDM3-4
Added Pin To Net: NetName=NetLEDM3_4 Pin=LEDM3-4
Added Pin To Net: NetName=NetLEDM3_4 Pin=LEDM3-4
Added Pin To Net: NetName=NetLEDM3_4 Pin=LEDM3-4
Added Pin To Net: NetName=NetLEDM3_4 Pin=LEDM3-4
Added Pin To Net: NetName=NetLEDM3_4 Pin=LEDM3-4
Added Pin To Net: NetName=NetLEDM3_4 Pin=LEDM6-4
Added Pin To Net: NetName=NetLEDM3_4 Pin=LEDM6-4
Added Pin To Net: NetName=NetLEDM3_4 Pin=LEDM6-4
Added Pin To Net: NetName=NetLEDM3_4 Pin=LEDM6-4
Added Pin To Net: NetName=NetLEDM3_4 Pin=LEDM6-4
Added Pin To Net: NetName=NetLEDM3_4 Pin=LEDM6-4
Added Pin To Net: NetName=NetLEDM3_4 Pin=LEDM6-4
Added Pin To Net: NetName=NetLEDM3_4 Pin=LEDM6-4
Added Pin To Net: NetName=NetLEDM3_4 Pin=R34-2
Added Net: Name=NetLEDM3_4
Added Pin To Net: NetName=NetLEDM3_5 Pin=LEDM3-5
Added Pin To Net: NetName=NetLEDM3_5 Pin=LEDM3-5
Added Pin To Net: NetName=NetLEDM3_5 Pin=LEDM3-5
Added Pin To Net: NetName=NetLEDM3_5 Pin=LEDM3-5
Added Pin To Net: NetName=NetLEDM3_5 Pin=LEDM3-5
Added Pin To Net: NetName=NetLEDM3_5 Pin=LEDM3-5
Added Pin To Net: NetName=NetLEDM3_5 Pin=LEDM3-5
Added Pin To Net: NetName=NetLEDM3_5 Pin=LEDM3-5
Added Pin To Net: NetName=NetLEDM3_5 Pin=LEDM6-5
Added Pin To Net: NetName=NetLEDM3_5 Pin=LEDM6-5
Added Pin To Net: NetName=NetLEDM3_5 Pin=LEDM6-5
Added Pin To Net: NetName=NetLEDM3_5 Pin=LEDM6-5
Added Pin To Net: NetName=NetLEDM3_5 Pin=LEDM6-5
Added Pin To Net: NetName=NetLEDM3_5 Pin=LEDM6-5
Added Pin To Net: NetName=NetLEDM3_5 Pin=LEDM6-5
Added Pin To Net: NetName=NetLEDM3_5 Pin=LEDM6-5
Added Pin To Net: NetName=NetLEDM3_5 Pin=R31-2
Added Net: Name=NetLEDM3_5
Added Pin To Net: NetName=NetLEDM3_6 Pin=LEDM3-6
Added Pin To Net: NetName=NetLEDM3_6 Pin=LEDM3-6
Added Pin To Net: NetName=NetLEDM3_6 Pin=LEDM3-6
Added Pin To Net: NetName=NetLEDM3_6 Pin=LEDM3-6
Added Pin To Net: NetName=NetLEDM3_6 Pin=LEDM3-6
Added Pin To Net: NetName=NetLEDM3_6 Pin=LEDM3-6
Added Pin To Net: NetName=NetLEDM3_6 Pin=LEDM3-6
Added Pin To Net: NetName=NetLEDM3_6 Pin=LEDM3-6
Added Pin To Net: NetName=NetLEDM3_6 Pin=LEDM6-6
Added Pin To Net: NetName=NetLEDM3_6 Pin=LEDM6-6
Added Pin To Net: NetName=NetLEDM3_6 Pin=LEDM6-6
Added Pin To Net: NetName=NetLEDM3_6 Pin=LEDM6-6
Added Pin To Net: NetName=NetLEDM3_6 Pin=LEDM6-6
Added Pin To Net: NetName=NetLEDM3_6 Pin=LEDM6-6
Added Pin To Net: NetName=NetLEDM3_6 Pin=LEDM6-6
Added Pin To Net: NetName=NetLEDM3_6 Pin=LEDM6-6
Added Pin To Net: NetName=NetLEDM3_6 Pin=R28-2
Added Net: Name=NetLEDM3_6
Added Pin To Net: NetName=NetLEDM3_7 Pin=LEDM3-7
Added Pin To Net: NetName=NetLEDM3_7 Pin=LEDM3-7
Added Pin To Net: NetName=NetLEDM3_7 Pin=LEDM3-7
Added Pin To Net: NetName=NetLEDM3_7 Pin=LEDM3-7
Added Pin To Net: NetName=NetLEDM3_7 Pin=LEDM3-7
Added Pin To Net: NetName=NetLEDM3_7 Pin=LEDM3-7
Added Pin To Net: NetName=NetLEDM3_7 Pin=LEDM3-7
Added Pin To Net: NetName=NetLEDM3_7 Pin=LEDM3-7
Added Pin To Net: NetName=NetLEDM3_7 Pin=LEDM6-7
Added Pin To Net: NetName=NetLEDM3_7 Pin=LEDM6-7
Added Pin To Net: NetName=NetLEDM3_7 Pin=LEDM6-7
Added Pin To Net: NetName=NetLEDM3_7 Pin=LEDM6-7
Added Pin To Net: NetName=NetLEDM3_7 Pin=LEDM6-7
Added Pin To Net: NetName=NetLEDM3_7 Pin=LEDM6-7
Added Pin To Net: NetName=NetLEDM3_7 Pin=LEDM6-7
Added Pin To Net: NetName=NetLEDM3_7 Pin=LEDM6-7
Added Pin To Net: NetName=NetLEDM3_7 Pin=R25-2
Added Net: Name=NetLEDM3_7
Added Pin To Net: NetName=NetLEDM3_8 Pin=LEDM3-8
Added Pin To Net: NetName=NetLEDM3_8 Pin=LEDM3-8
Added Pin To Net: NetName=NetLEDM3_8 Pin=LEDM3-8
Added Pin To Net: NetName=NetLEDM3_8 Pin=LEDM3-8
Added Pin To Net: NetName=NetLEDM3_8 Pin=LEDM3-8
Added Pin To Net: NetName=NetLEDM3_8 Pin=LEDM3-8
Added Pin To Net: NetName=NetLEDM3_8 Pin=LEDM3-8
Added Pin To Net: NetName=NetLEDM3_8 Pin=LEDM3-8
Added Pin To Net: NetName=NetLEDM3_8 Pin=LEDM6-8
Added Pin To Net: NetName=NetLEDM3_8 Pin=LEDM6-8
Added Pin To Net: NetName=NetLEDM3_8 Pin=LEDM6-8
Added Pin To Net: NetName=NetLEDM3_8 Pin=LEDM6-8
Added Pin To Net: NetName=NetLEDM3_8 Pin=LEDM6-8
Added Pin To Net: NetName=NetLEDM3_8 Pin=LEDM6-8
Added Pin To Net: NetName=NetLEDM3_8 Pin=LEDM6-8
Added Pin To Net: NetName=NetLEDM3_8 Pin=LEDM6-8
Added Pin To Net: NetName=NetLEDM3_8 Pin=R22-2
Added Net: Name=NetLEDM3_8
Added Pin To Net: NetName=NetLEDM4_9 Pin=LEDM4-9
Added Pin To Net: NetName=NetLEDM4_9 Pin=LEDM4-9
Added Pin To Net: NetName=NetLEDM4_9 Pin=LEDM4-9
Added Pin To Net: NetName=NetLEDM4_9 Pin=LEDM4-9
Added Pin To Net: NetName=NetLEDM4_9 Pin=LEDM4-9
Added Pin To Net: NetName=NetLEDM4_9 Pin=LEDM4-9
Added Pin To Net: NetName=NetLEDM4_9 Pin=LEDM4-9
Added Pin To Net: NetName=NetLEDM4_9 Pin=LEDM4-9
Added Pin To Net: NetName=NetLEDM4_9 Pin=LEDM5-9
Added Pin To Net: NetName=NetLEDM4_9 Pin=LEDM5-9
Added Pin To Net: NetName=NetLEDM4_9 Pin=LEDM5-9
Added Pin To Net: NetName=NetLEDM4_9 Pin=LEDM5-9
Added Pin To Net: NetName=NetLEDM4_9 Pin=LEDM5-9
Added Pin To Net: NetName=NetLEDM4_9 Pin=LEDM5-9
Added Pin To Net: NetName=NetLEDM4_9 Pin=LEDM5-9
Added Pin To Net: NetName=NetLEDM4_9 Pin=LEDM5-9
Added Pin To Net: NetName=NetLEDM4_9 Pin=LEDM6-9
Added Pin To Net: NetName=NetLEDM4_9 Pin=LEDM6-9
Added Pin To Net: NetName=NetLEDM4_9 Pin=LEDM6-9
Added Pin To Net: NetName=NetLEDM4_9 Pin=LEDM6-9
Added Pin To Net: NetName=NetLEDM4_9 Pin=LEDM6-9
Added Pin To Net: NetName=NetLEDM4_9 Pin=LEDM6-9
Added Pin To Net: NetName=NetLEDM4_9 Pin=LEDM6-9
Added Pin To Net: NetName=NetLEDM4_9 Pin=LEDM6-9
Added Pin To Net: NetName=NetLEDM4_9 Pin=R12-1
Added Pin To Net: NetName=NetLEDM4_9 Pin=VT1-1
Added Net: Name=NetLEDM4_9
Added Pin To Net: NetName=NetLEDM4_10 Pin=LEDM4-10
Added Pin To Net: NetName=NetLEDM4_10 Pin=LEDM4-10
Added Pin To Net: NetName=NetLEDM4_10 Pin=LEDM4-10
Added Pin To Net: NetName=NetLEDM4_10 Pin=LEDM4-10
Added Pin To Net: NetName=NetLEDM4_10 Pin=LEDM4-10
Added Pin To Net: NetName=NetLEDM4_10 Pin=LEDM4-10
Added Pin To Net: NetName=NetLEDM4_10 Pin=LEDM4-10
Added Pin To Net: NetName=NetLEDM4_10 Pin=LEDM4-10
Added Pin To Net: NetName=NetLEDM4_10 Pin=LEDM5-10
Added Pin To Net: NetName=NetLEDM4_10 Pin=LEDM5-10
Added Pin To Net: NetName=NetLEDM4_10 Pin=LEDM5-10
Added Pin To Net: NetName=NetLEDM4_10 Pin=LEDM5-10
Added Pin To Net: NetName=NetLEDM4_10 Pin=LEDM5-10
Added Pin To Net: NetName=NetLEDM4_10 Pin=LEDM5-10
Added Pin To Net: NetName=NetLEDM4_10 Pin=LEDM5-10
Added Pin To Net: NetName=NetLEDM4_10 Pin=LEDM5-10
Added Pin To Net: NetName=NetLEDM4_10 Pin=LEDM6-10
Added Pin To Net: NetName=NetLEDM4_10 Pin=LEDM6-10
Added Pin To Net: NetName=NetLEDM4_10 Pin=LEDM6-10
Added Pin To Net: NetName=NetLEDM4_10 Pin=LEDM6-10
Added Pin To Net: NetName=NetLEDM4_10 Pin=LEDM6-10
Added Pin To Net: NetName=NetLEDM4_10 Pin=LEDM6-10
Added Pin To Net: NetName=NetLEDM4_10 Pin=LEDM6-10
Added Pin To Net: NetName=NetLEDM4_10 Pin=LEDM6-10
Added Pin To Net: NetName=NetLEDM4_10 Pin=R13-1
Added Pin To Net: NetName=NetLEDM4_10 Pin=VT3-1
Added Net: Name=NetLEDM4_10
Added Pin To Net: NetName=NetLEDM4_11 Pin=LEDM4-11
Added Pin To Net: NetName=NetLEDM4_11 Pin=LEDM4-11
Added Pin To Net: NetName=NetLEDM4_11 Pin=LEDM4-11
Added Pin To Net: NetName=NetLEDM4_11 Pin=LEDM4-11
Added Pin To Net: NetName=NetLEDM4_11 Pin=LEDM4-11
Added Pin To Net: NetName=NetLEDM4_11 Pin=LEDM4-11
Added Pin To Net: NetName=NetLEDM4_11 Pin=LEDM4-11
Added Pin To Net: NetName=NetLEDM4_11 Pin=LEDM4-11
Added Pin To Net: NetName=NetLEDM4_11 Pin=LEDM5-11
Added Pin To Net: NetName=NetLEDM4_11 Pin=LEDM5-11
Added Pin To Net: NetName=NetLEDM4_11 Pin=LEDM5-11
Added Pin To Net: NetName=NetLEDM4_11 Pin=LEDM5-11
Added Pin To Net: NetName=NetLEDM4_11 Pin=LEDM5-11
Added Pin To Net: NetName=NetLEDM4_11 Pin=LEDM5-11
Added Pin To Net: NetName=NetLEDM4_11 Pin=LEDM5-11
Added Pin To Net: NetName=NetLEDM4_11 Pin=LEDM5-11
Added Pin To Net: NetName=NetLEDM4_11 Pin=LEDM6-11
Added Pin To Net: NetName=NetLEDM4_11 Pin=LEDM6-11
Added Pin To Net: NetName=NetLEDM4_11 Pin=LEDM6-11
Added Pin To Net: NetName=NetLEDM4_11 Pin=LEDM6-11
Added Pin To Net: NetName=NetLEDM4_11 Pin=LEDM6-11
Added Pin To Net: NetName=NetLEDM4_11 Pin=LEDM6-11
Added Pin To Net: NetName=NetLEDM4_11 Pin=LEDM6-11
Added Pin To Net: NetName=NetLEDM4_11 Pin=LEDM6-11
Added Pin To Net: NetName=NetLEDM4_11 Pin=R14-1
Added Pin To Net: NetName=NetLEDM4_11 Pin=VT5-1
Added Net: Name=NetLEDM4_11
Added Pin To Net: NetName=NetLEDM4_12 Pin=LEDM4-12
Added Pin To Net: NetName=NetLEDM4_12 Pin=LEDM4-12
Added Pin To Net: NetName=NetLEDM4_12 Pin=LEDM4-12
Added Pin To Net: NetName=NetLEDM4_12 Pin=LEDM4-12
Added Pin To Net: NetName=NetLEDM4_12 Pin=LEDM4-12
Added Pin To Net: NetName=NetLEDM4_12 Pin=LEDM4-12
Added Pin To Net: NetName=NetLEDM4_12 Pin=LEDM4-12
Added Pin To Net: NetName=NetLEDM4_12 Pin=LEDM4-12
Added Pin To Net: NetName=NetLEDM4_12 Pin=LEDM5-12
Added Pin To Net: NetName=NetLEDM4_12 Pin=LEDM5-12
Added Pin To Net: NetName=NetLEDM4_12 Pin=LEDM5-12
Added Pin To Net: NetName=NetLEDM4_12 Pin=LEDM5-12
Added Pin To Net: NetName=NetLEDM4_12 Pin=LEDM5-12
Added Pin To Net: NetName=NetLEDM4_12 Pin=LEDM5-12
Added Pin To Net: NetName=NetLEDM4_12 Pin=LEDM5-12
Added Pin To Net: NetName=NetLEDM4_12 Pin=LEDM5-12
Added Pin To Net: NetName=NetLEDM4_12 Pin=LEDM6-12
Added Pin To Net: NetName=NetLEDM4_12 Pin=LEDM6-12
Added Pin To Net: NetName=NetLEDM4_12 Pin=LEDM6-12
Added Pin To Net: NetName=NetLEDM4_12 Pin=LEDM6-12
Added Pin To Net: NetName=NetLEDM4_12 Pin=LEDM6-12
Added Pin To Net: NetName=NetLEDM4_12 Pin=LEDM6-12
Added Pin To Net: NetName=NetLEDM4_12 Pin=LEDM6-12
Added Pin To Net: NetName=NetLEDM4_12 Pin=LEDM6-12
Added Pin To Net: NetName=NetLEDM4_12 Pin=R15-1
Added Pin To Net: NetName=NetLEDM4_12 Pin=VT7-1
Added Net: Name=NetLEDM4_12
Added Pin To Net: NetName=NetLEDM4_13 Pin=LEDM4-13
Added Pin To Net: NetName=NetLEDM4_13 Pin=LEDM4-13
Added Pin To Net: NetName=NetLEDM4_13 Pin=LEDM4-13
Added Pin To Net: NetName=NetLEDM4_13 Pin=LEDM4-13
Added Pin To Net: NetName=NetLEDM4_13 Pin=LEDM4-13
Added Pin To Net: NetName=NetLEDM4_13 Pin=LEDM4-13
Added Pin To Net: NetName=NetLEDM4_13 Pin=LEDM4-13
Added Pin To Net: NetName=NetLEDM4_13 Pin=LEDM4-13
Added Pin To Net: NetName=NetLEDM4_13 Pin=LEDM5-13
Added Pin To Net: NetName=NetLEDM4_13 Pin=LEDM5-13
Added Pin To Net: NetName=NetLEDM4_13 Pin=LEDM5-13
Added Pin To Net: NetName=NetLEDM4_13 Pin=LEDM5-13
Added Pin To Net: NetName=NetLEDM4_13 Pin=LEDM5-13
Added Pin To Net: NetName=NetLEDM4_13 Pin=LEDM5-13
Added Pin To Net: NetName=NetLEDM4_13 Pin=LEDM5-13
Added Pin To Net: NetName=NetLEDM4_13 Pin=LEDM5-13
Added Pin To Net: NetName=NetLEDM4_13 Pin=LEDM6-13
Added Pin To Net: NetName=NetLEDM4_13 Pin=LEDM6-13
Added Pin To Net: NetName=NetLEDM4_13 Pin=LEDM6-13
Added Pin To Net: NetName=NetLEDM4_13 Pin=LEDM6-13
Added Pin To Net: NetName=NetLEDM4_13 Pin=LEDM6-13
Added Pin To Net: NetName=NetLEDM4_13 Pin=LEDM6-13
Added Pin To Net: NetName=NetLEDM4_13 Pin=LEDM6-13
Added Pin To Net: NetName=NetLEDM4_13 Pin=LEDM6-13
Added Pin To Net: NetName=NetLEDM4_13 Pin=R16-1
Added Pin To Net: NetName=NetLEDM4_13 Pin=VT9-1
Added Net: Name=NetLEDM4_13
Added Pin To Net: NetName=NetLEDM4_14 Pin=LEDM4-14
Added Pin To Net: NetName=NetLEDM4_14 Pin=LEDM4-14
Added Pin To Net: NetName=NetLEDM4_14 Pin=LEDM4-14
Added Pin To Net: NetName=NetLEDM4_14 Pin=LEDM4-14
Added Pin To Net: NetName=NetLEDM4_14 Pin=LEDM4-14
Added Pin To Net: NetName=NetLEDM4_14 Pin=LEDM4-14
Added Pin To Net: NetName=NetLEDM4_14 Pin=LEDM4-14
Added Pin To Net: NetName=NetLEDM4_14 Pin=LEDM4-14
Added Pin To Net: NetName=NetLEDM4_14 Pin=LEDM5-14
Added Pin To Net: NetName=NetLEDM4_14 Pin=LEDM5-14
Added Pin To Net: NetName=NetLEDM4_14 Pin=LEDM5-14
Added Pin To Net: NetName=NetLEDM4_14 Pin=LEDM5-14
Added Pin To Net: NetName=NetLEDM4_14 Pin=LEDM5-14
Added Pin To Net: NetName=NetLEDM4_14 Pin=LEDM5-14
Added Pin To Net: NetName=NetLEDM4_14 Pin=LEDM5-14
Added Pin To Net: NetName=NetLEDM4_14 Pin=LEDM5-14
Added Pin To Net: NetName=NetLEDM4_14 Pin=LEDM6-14
Added Pin To Net: NetName=NetLEDM4_14 Pin=LEDM6-14
Added Pin To Net: NetName=NetLEDM4_14 Pin=LEDM6-14
Added Pin To Net: NetName=NetLEDM4_14 Pin=LEDM6-14
Added Pin To Net: NetName=NetLEDM4_14 Pin=LEDM6-14
Added Pin To Net: NetName=NetLEDM4_14 Pin=LEDM6-14
Added Pin To Net: NetName=NetLEDM4_14 Pin=LEDM6-14
Added Pin To Net: NetName=NetLEDM4_14 Pin=LEDM6-14
Added Pin To Net: NetName=NetLEDM4_14 Pin=R17-1
Added Pin To Net: NetName=NetLEDM4_14 Pin=VT11-1
Added Net: Name=NetLEDM4_14
Added Pin To Net: NetName=NetLEDM4_15 Pin=LEDM4-15
Added Pin To Net: NetName=NetLEDM4_15 Pin=LEDM4-15
Added Pin To Net: NetName=NetLEDM4_15 Pin=LEDM4-15
Added Pin To Net: NetName=NetLEDM4_15 Pin=LEDM4-15
Added Pin To Net: NetName=NetLEDM4_15 Pin=LEDM4-15
Added Pin To Net: NetName=NetLEDM4_15 Pin=LEDM4-15
Added Pin To Net: NetName=NetLEDM4_15 Pin=LEDM4-15
Added Pin To Net: NetName=NetLEDM4_15 Pin=LEDM4-15
Added Pin To Net: NetName=NetLEDM4_15 Pin=LEDM5-15
Added Pin To Net: NetName=NetLEDM4_15 Pin=LEDM5-15
Added Pin To Net: NetName=NetLEDM4_15 Pin=LEDM5-15
Added Pin To Net: NetName=NetLEDM4_15 Pin=LEDM5-15
Added Pin To Net: NetName=NetLEDM4_15 Pin=LEDM5-15
Added Pin To Net: NetName=NetLEDM4_15 Pin=LEDM5-15
Added Pin To Net: NetName=NetLEDM4_15 Pin=LEDM5-15
Added Pin To Net: NetName=NetLEDM4_15 Pin=LEDM5-15
Added Pin To Net: NetName=NetLEDM4_15 Pin=LEDM6-15
Added Pin To Net: NetName=NetLEDM4_15 Pin=LEDM6-15
Added Pin To Net: NetName=NetLEDM4_15 Pin=LEDM6-15
Added Pin To Net: NetName=NetLEDM4_15 Pin=LEDM6-15
Added Pin To Net: NetName=NetLEDM4_15 Pin=LEDM6-15
Added Pin To Net: NetName=NetLEDM4_15 Pin=LEDM6-15
Added Pin To Net: NetName=NetLEDM4_15 Pin=LEDM6-15
Added Pin To Net: NetName=NetLEDM4_15 Pin=LEDM6-15
Added Pin To Net: NetName=NetLEDM4_15 Pin=R18-1
Added Pin To Net: NetName=NetLEDM4_15 Pin=VT13-1
Added Net: Name=NetLEDM4_15
Added Pin To Net: NetName=NetLEDM4_16 Pin=LEDM4-16
Added Pin To Net: NetName=NetLEDM4_16 Pin=LEDM4-16
Added Pin To Net: NetName=NetLEDM4_16 Pin=LEDM4-16
Added Pin To Net: NetName=NetLEDM4_16 Pin=LEDM4-16
Added Pin To Net: NetName=NetLEDM4_16 Pin=LEDM4-16
Added Pin To Net: NetName=NetLEDM4_16 Pin=LEDM4-16
Added Pin To Net: NetName=NetLEDM4_16 Pin=LEDM4-16
Added Pin To Net: NetName=NetLEDM4_16 Pin=LEDM4-16
Added Pin To Net: NetName=NetLEDM4_16 Pin=LEDM5-16
Added Pin To Net: NetName=NetLEDM4_16 Pin=LEDM5-16
Added Pin To Net: NetName=NetLEDM4_16 Pin=LEDM5-16
Added Pin To Net: NetName=NetLEDM4_16 Pin=LEDM5-16
Added Pin To Net: NetName=NetLEDM4_16 Pin=LEDM5-16
Added Pin To Net: NetName=NetLEDM4_16 Pin=LEDM5-16
Added Pin To Net: NetName=NetLEDM4_16 Pin=LEDM5-16
Added Pin To Net: NetName=NetLEDM4_16 Pin=LEDM5-16
Added Pin To Net: NetName=NetLEDM4_16 Pin=LEDM6-16
Added Pin To Net: NetName=NetLEDM4_16 Pin=LEDM6-16
Added Pin To Net: NetName=NetLEDM4_16 Pin=LEDM6-16
Added Pin To Net: NetName=NetLEDM4_16 Pin=LEDM6-16
Added Pin To Net: NetName=NetLEDM4_16 Pin=LEDM6-16
Added Pin To Net: NetName=NetLEDM4_16 Pin=LEDM6-16
Added Pin To Net: NetName=NetLEDM4_16 Pin=LEDM6-16
Added Pin To Net: NetName=NetLEDM4_16 Pin=LEDM6-16
Added Pin To Net: NetName=NetLEDM4_16 Pin=R19-1
Added Pin To Net: NetName=NetLEDM4_16 Pin=VT15-1
Added Net: Name=NetLEDM4_16
Added Pin To Net: NetName=NetR1_1 Pin=R1-1
Added Pin To Net: NetName=NetR1_1 Pin=R2-1
Added Pin To Net: NetName=NetR1_1 Pin=SW1-2
Added Pin To Net: NetName=NetR1_1 Pin=SW2-2
Added Pin To Net: NetName=NetR1_1 Pin=SW3-2
Added Pin To Net: NetName=NetR1_1 Pin=SW4-2
Added Pin To Net: NetName=NetR1_1 Pin=SW5-2
Added Pin To Net: NetName=NetR1_1 Pin=SW6-2
Added Net: Name=NetR1_1
Added Pin To Net: NetName=NetR20_1 Pin=R20-1
Added Pin To Net: NetName=NetR20_1 Pin=U7-15
Added Net: Name=NetR20_1
Added Pin To Net: NetName=NetR21_1 Pin=R21-1
Added Pin To Net: NetName=NetR21_1 Pin=U8-15
Added Net: Name=NetR21_1
Added Pin To Net: NetName=NetR22_1 Pin=R22-1
Added Pin To Net: NetName=NetR22_1 Pin=U9-15
Added Net: Name=NetR22_1
Added Pin To Net: NetName=NetR23_1 Pin=R23-1
Added Pin To Net: NetName=NetR23_1 Pin=U7-1
Added Net: Name=NetR23_1
Added Pin To Net: NetName=NetR24_1 Pin=R24-1
Added Pin To Net: NetName=NetR24_1 Pin=U8-1
Added Net: Name=NetR24_1
Added Pin To Net: NetName=NetR25_1 Pin=R25-1
Added Pin To Net: NetName=NetR25_1 Pin=U9-1
Added Net: Name=NetR25_1
Added Pin To Net: NetName=NetR26_1 Pin=R26-1
Added Pin To Net: NetName=NetR26_1 Pin=U7-2
Added Net: Name=NetR26_1
Added Pin To Net: NetName=NetR27_1 Pin=R27-1
Added Pin To Net: NetName=NetR27_1 Pin=U8-2
Added Net: Name=NetR27_1
Added Pin To Net: NetName=NetR28_1 Pin=R28-1
Added Pin To Net: NetName=NetR28_1 Pin=U9-2
Added Net: Name=NetR28_1
Added Pin To Net: NetName=NetR29_1 Pin=R29-1
Added Pin To Net: NetName=NetR29_1 Pin=U7-3
Added Net: Name=NetR29_1
Added Pin To Net: NetName=NetR30_1 Pin=R30-1
Added Pin To Net: NetName=NetR30_1 Pin=U8-3
Added Net: Name=NetR30_1
Added Pin To Net: NetName=NetR31_1 Pin=R31-1
Added Pin To Net: NetName=NetR31_1 Pin=U9-3
Added Net: Name=NetR31_1
Added Pin To Net: NetName=NetR32_1 Pin=R32-1
Added Pin To Net: NetName=NetR32_1 Pin=U7-4
Added Net: Name=NetR32_1
Added Pin To Net: NetName=NetR33_1 Pin=R33-1
Added Pin To Net: NetName=NetR33_1 Pin=U8-4
Added Net: Name=NetR33_1
Added Pin To Net: NetName=NetR34_1 Pin=R34-1
Added Pin To Net: NetName=NetR34_1 Pin=U9-4
Added Net: Name=NetR34_1
Added Pin To Net: NetName=NetR35_1 Pin=R35-1
Added Pin To Net: NetName=NetR35_1 Pin=U7-5
Added Net: Name=NetR35_1
Added Pin To Net: NetName=NetR36_1 Pin=R36-1
Added Pin To Net: NetName=NetR36_1 Pin=U8-5
Added Net: Name=NetR36_1
Added Pin To Net: NetName=NetR37_1 Pin=R37-1
Added Pin To Net: NetName=NetR37_1 Pin=U9-5
Added Net: Name=NetR37_1
Added Pin To Net: NetName=NetR38_1 Pin=R38-1
Added Pin To Net: NetName=NetR38_1 Pin=U7-6
Added Net: Name=NetR38_1
Added Pin To Net: NetName=NetR39_1 Pin=R39-1
Added Pin To Net: NetName=NetR39_1 Pin=U8-6
Added Net: Name=NetR39_1
Added Pin To Net: NetName=NetR40_1 Pin=R40-1
Added Pin To Net: NetName=NetR40_1 Pin=U9-6
Added Net: Name=NetR40_1
Added Pin To Net: NetName=NetR41_1 Pin=R41-1
Added Pin To Net: NetName=NetR41_1 Pin=U7-7
Added Net: Name=NetR41_1
Added Pin To Net: NetName=NetR42_1 Pin=R42-1
Added Pin To Net: NetName=NetR42_1 Pin=U8-7
Added Net: Name=NetR42_1
Added Pin To Net: NetName=NetR43_1 Pin=R43-1
Added Pin To Net: NetName=NetR43_1 Pin=U9-7
Added Net: Name=NetR43_1
Added Pin To Net: NetName=NetR45_2 Pin=R45-2
Added Pin To Net: NetName=NetR45_2 Pin=VT17-1
Added Net: Name=NetR45_2
Added Pin To Net: NetName=NetSW1_1 Pin=SW1-1
Added Pin To Net: NetName=NetSW1_1 Pin=VD3-2
Added Net: Name=NetSW1_1
Added Pin To Net: NetName=NetSW2_1 Pin=SW2-1
Added Pin To Net: NetName=NetSW2_1 Pin=VD4-2
Added Net: Name=NetSW2_1
Added Pin To Net: NetName=NetSW3_1 Pin=SW3-1
Added Pin To Net: NetName=NetSW3_1 Pin=VD6-2
Added Net: Name=NetSW3_1
Added Pin To Net: NetName=NetSW4_1 Pin=SW4-1
Added Pin To Net: NetName=NetSW4_1 Pin=VD5-2
Added Net: Name=NetSW4_1
Added Pin To Net: NetName=NetSW5_1 Pin=SW5-1
Added Pin To Net: NetName=NetSW5_1 Pin=VD7-2
Added Net: Name=NetSW5_1
Added Pin To Net: NetName=NetSW6_1 Pin=SW6-1
Added Pin To Net: NetName=NetSW6_1 Pin=VD8-2
Added Net: Name=NetSW6_1
Added Pin To Net: NetName=NetU2_2 Pin=U2-2
Added Pin To Net: NetName=NetU2_2 Pin=U5-8
Added Net: Name=NetU2_2
Added Pin To Net: NetName=NetU2_3 Pin=U2-3
Added Net: Name=NetU2_3
Added Pin To Net: NetName=NetU2_4 Pin=U2-4
Added Net: Name=NetU2_4
Added Pin To Net: NetName=NetU2_5 Pin=U2-5
Added Net: Name=NetU2_5
Added Pin To Net: NetName=NetU2_6 Pin=U2-6
Added Net: Name=NetU2_6
Added Pin To Net: NetName=NetU3_7 Pin=VT16-2
Added Net: Name=NetU3_7
Added Pin To Net: NetName=NetU3_9 Pin=VT14-2
Added Net: Name=NetU3_9
Added Pin To Net: NetName=NetU3_10 Pin=VD8-1
Added Pin To Net: NetName=NetU3_10 Pin=VT12-2
Added Net: Name=NetU3_10
Added Pin To Net: NetName=NetU3_11 Pin=VD7-1
Added Pin To Net: NetName=NetU3_11 Pin=VT10-2
Added Net: Name=NetU3_11
Added Pin To Net: NetName=NetU3_12 Pin=VD6-1
Added Pin To Net: NetName=NetU3_12 Pin=VT8-2
Added Net: Name=NetU3_12
Added Pin To Net: NetName=NetU3_13 Pin=VD5-1
Added Pin To Net: NetName=NetU3_13 Pin=VT6-2
Added Net: Name=NetU3_13
Added Pin To Net: NetName=NetU3_14 Pin=VD4-1
Added Pin To Net: NetName=NetU3_14 Pin=VT4-2
Added Net: Name=NetU3_14
Added Pin To Net: NetName=NetU3_15 Pin=VD3-1
Added Pin To Net: NetName=NetU3_15 Pin=VT2-2
Added Net: Name=NetU3_15
Added Pin To Net: NetName=NetU4_7 Pin=VT15-2
Added Net: Name=NetU4_7
Added Pin To Net: NetName=NetU4_9 Pin=VT13-2
Added Net: Name=NetU4_9
Added Pin To Net: NetName=NetU4_10 Pin=VT11-2
Added Net: Name=NetU4_10
Added Pin To Net: NetName=NetU4_11 Pin=VT9-2
Added Net: Name=NetU4_11
Added Pin To Net: NetName=NetU4_12 Pin=VT7-2
Added Net: Name=NetU4_12
Added Pin To Net: NetName=NetU4_13 Pin=VT5-2
Added Net: Name=NetU4_13
Added Pin To Net: NetName=NetU4_14 Pin=VT3-2
Added Net: Name=NetU4_14
Added Pin To Net: NetName=NetU4_15 Pin=VT1-2
Added Net: Name=NetU4_15
Added Pin To Net: NetName=NetU5_1 Pin=U5-1
Added Pin To Net: NetName=NetU5_1 Pin=U5-2
Added Net: Name=NetU5_1
Added Pin To Net: NetName=NetU5_3 Pin=U5-3
Added Pin To Net: NetName=NetU5_3 Pin=U5-12
Added Net: Name=NetU5_3
Added Pin To Net: NetName=NetU5_6 Pin=U5-6
Added Pin To Net: NetName=NetU5_6 Pin=U5-13
Added Net: Name=NetU5_6
Added Pin To Net: NetName=NetU5_9 Pin=U5-9
Added Pin To Net: NetName=NetU5_9 Pin=U5-10
Added Pin To Net: NetName=NetU5_9 Pin=U5-11
Added Net: Name=NetU5_9
Added Pin To Net: NetName=NetU7_9 Pin=U7-9
Added Pin To Net: NetName=NetU7_9 Pin=U8-14
Added Net: Name=NetU7_9
Added Pin To Net: NetName=NetU8_9 Pin=U8-9
Added Pin To Net: NetName=NetU8_9 Pin=U9-14
Added Net: Name=NetU8_9
Added Pin To Net: NetName=NetVT1_3 Pin=VT1-3
Added Pin To Net: NetName=NetVT1_3 Pin=VT2-3
Added Pin To Net: NetName=NetVT1_3 Pin=VT3-3
Added Pin To Net: NetName=NetVT1_3 Pin=VT4-3
Added Pin To Net: NetName=NetVT1_3 Pin=VT5-3
Added Pin To Net: NetName=NetVT1_3 Pin=VT6-3
Added Pin To Net: NetName=NetVT1_3 Pin=VT7-3
Added Pin To Net: NetName=NetVT1_3 Pin=VT8-3
Added Pin To Net: NetName=NetVT1_3 Pin=VT9-3
Added Pin To Net: NetName=NetVT1_3 Pin=VT10-3
Added Pin To Net: NetName=NetVT1_3 Pin=VT11-3
Added Pin To Net: NetName=NetVT1_3 Pin=VT12-3
Added Pin To Net: NetName=NetVT1_3 Pin=VT13-3
Added Pin To Net: NetName=NetVT1_3 Pin=VT14-3
Added Pin To Net: NetName=NetVT1_3 Pin=VT15-3
Added Pin To Net: NetName=NetVT1_3 Pin=VT16-3
Added Net: Name=NetVT1_3
Added Pin To Net: NetName=VCC Pin=C4-2
Added Pin To Net: NetName=VCC Pin=C5-2
Added Pin To Net: NetName=VCC Pin=C6-2
Added Pin To Net: NetName=VCC Pin=C7-2
Added Pin To Net: NetName=VCC Pin=C8-2
Added Pin To Net: NetName=VCC Pin=C9-2
Added Pin To Net: NetName=VCC Pin=C10-2
Added Pin To Net: NetName=VCC Pin=C11-2
Added Pin To Net: NetName=VCC Pin=C12-2
Added Pin To Net: NetName=VCC Pin=U2-14
Added Pin To Net: NetName=VCC Pin=U5-14
Added Pin To Net: NetName=VCC Pin=U7-10
Added Pin To Net: NetName=VCC Pin=U7-16
Added Pin To Net: NetName=VCC Pin=U8-10
Added Pin To Net: NetName=VCC Pin=U8-16
Added Pin To Net: NetName=VCC Pin=U9-10
Added Pin To Net: NetName=VCC Pin=U9-16
Added Pin To Net: NetName=VCC Pin=VD1-2
Added Pin To Net: NetName=VCC Pin=VD2-2
Added Pin To Net: NetName=VCC Pin=VT17-3
Added Net: Name=VCC
Added Class: Name=Tetris
